{"C:\\Users\\sathi\\Luxe-App\\src\\components\\formInput\\FormInput.tsx": {"path":"C:\\Users\\sathi\\Luxe-App\\src\\components\\formInput\\FormInput.tsx","statementMap":{"0":{"start":{"line":1,"column":0},"end":{"line":1,"column":45}},"1":{"start":{"line":2,"column":0},"end":{"line":2,"column":42}},"2":{"start":{"line":11,"column":2},"end":{"line":36,"column":4}},"3":{"start":{"line":19,"column":12},"end":{"line":22,"column":null}},"4":{"start":{"line":22,"column":35},"end":{"line":22,"column":66}},"5":{"start":{"line":39,"column":0},"end":{"line":39,"column":25}}},"fnMap":{"0":{"name":"FormInput","decl":{"start":{"line":10,"column":9},"end":{"line":10,"column":18}},"loc":{"start":{"line":10,"column":65},"end":{"line":37,"column":1}}},"1":{"name":"(anonymous_1)","decl":{"start":{"line":18,"column":11},"end":{"line":18,"column":12}},"loc":{"start":{"line":19,"column":12},"end":{"line":22,"column":null}}},"2":{"name":"(anonymous_2)","decl":{"start":{"line":22,"column":24},"end":{"line":22,"column":25}},"loc":{"start":{"line":22,"column":35},"end":{"line":22,"column":66}}}},"branchMap":{"0":{"loc":{"start":{"line":10,"column":34},"end":{"line":10,"column":47}},"type":"default-arg","locations":[{"start":{"line":10,"column":41},"end":{"line":10,"column":47}}]},"1":{"loc":{"start":{"line":14,"column":7},"end":{"line":27,"column":null}},"type":"cond-expr","locations":[{"start":{"line":15,"column":8},"end":{"line":15,"column":59}},{"start":{"line":16,"column":10},"end":{"line":27,"column":null}}]},"2":{"loc":{"start":{"line":16,"column":10},"end":{"line":27,"column":null}},"type":"cond-expr","locations":[{"start":{"line":17,"column":8},"end":{"line":24,"column":null}},{"start":{"line":27,"column":8},"end":{"line":27,"column":62}}]}},"s":{"0":4,"1":4,"2":2121,"3":0,"4":0,"5":4},"f":{"0":2121,"1":0,"2":0},"b":{"0":[364],"1":[790,1331],"2":[0,1331]}}
,"C:\\Users\\sathi\\Luxe-App\\src\\components\\navbar\\Navbar.tsx": {"path":"C:\\Users\\sathi\\Luxe-App\\src\\components\\navbar\\Navbar.tsx","statementMap":{"0":{"start":{"line":1,"column":0},"end":{"line":1,"column":44}},"1":{"start":{"line":2,"column":0},"end":{"line":2,"column":49}},"2":{"start":{"line":3,"column":0},"end":{"line":3,"column":40}},"3":{"start":{"line":4,"column":0},"end":{"line":4,"column":43}},"4":{"start":{"line":5,"column":0},"end":{"line":5,"column":37}},"5":{"start":{"line":6,"column":0},"end":{"line":6,"column":43}},"6":{"start":{"line":7,"column":0},"end":{"line":7,"column":48}},"7":{"start":{"line":8,"column":0},"end":{"line":8,"column":44}},"8":{"start":{"line":9,"column":0},"end":{"line":9,"column":null}},"9":{"start":{"line":15,"column":0},"end":{"line":15,"column":42}},"10":{"start":{"line":17,"column":0},"end":{"line":17,"column":46}},"11":{"start":{"line":19,"column":23},"end":{"line":22,"column":34}},"12":{"start":{"line":20,"column":2},"end":{"line":22,"column":34}},"13":{"start":{"line":19,"column":13},"end":{"line":19,"column":23}},"14":{"start":{"line":25,"column":42},"end":{"line":25,"column":66}},"15":{"start":{"line":26,"column":38},"end":{"line":26,"column":62}},"16":{"start":{"line":28,"column":19},"end":{"line":28,"column":73}},"17":{"start":{"line":28,"column":53},"end":{"line":28,"column":72}},"18":{"start":{"line":29,"column":21},"end":{"line":31,"column":3}},"19":{"start":{"line":30,"column":4},"end":{"line":30,"column":35}},"20":{"start":{"line":30,"column":28},"end":{"line":30,"column":33}},"21":{"start":{"line":32,"column":23},"end":{"line":34,"column":3}},"22":{"start":{"line":33,"column":4},"end":{"line":33,"column":37}},"23":{"start":{"line":33,"column":30},"end":{"line":33,"column":35}},"24":{"start":{"line":36,"column":2},"end":{"line":38,"column":19}},"25":{"start":{"line":37,"column":4},"end":{"line":37,"column":66}},"26":{"start":{"line":40,"column":2},"end":{"line":166,"column":4}},"27":{"start":{"line":169,"column":0},"end":{"line":169,"column":22}}},"fnMap":{"0":{"name":"(anonymous_1)","decl":{"start":{"line":19,"column":23},"end":{"line":19,"column":24}},"loc":{"start":{"line":20,"column":2},"end":{"line":22,"column":34}}},"1":{"name":"Navbar","decl":{"start":{"line":24,"column":9},"end":{"line":24,"column":15}},"loc":{"start":{"line":24,"column":15},"end":{"line":167,"column":1}}},"2":{"name":"(anonymous_3)","decl":{"start":{"line":28,"column":31},"end":{"line":28,"column":32}},"loc":{"start":{"line":28,"column":53},"end":{"line":28,"column":72}}},"3":{"name":"(anonymous_4)","decl":{"start":{"line":29,"column":21},"end":{"line":29,"column":24}},"loc":{"start":{"line":29,"column":26},"end":{"line":31,"column":3}}},"4":{"name":"(anonymous_5)","decl":{"start":{"line":30,"column":18},"end":{"line":30,"column":19}},"loc":{"start":{"line":30,"column":28},"end":{"line":30,"column":33}}},"5":{"name":"(anonymous_6)","decl":{"start":{"line":32,"column":23},"end":{"line":32,"column":26}},"loc":{"start":{"line":32,"column":28},"end":{"line":34,"column":3}}},"6":{"name":"(anonymous_7)","decl":{"start":{"line":33,"column":20},"end":{"line":33,"column":21}},"loc":{"start":{"line":33,"column":30},"end":{"line":33,"column":35}}},"7":{"name":"(anonymous_8)","decl":{"start":{"line":36,"column":12},"end":{"line":36,"column":15}},"loc":{"start":{"line":36,"column":17},"end":{"line":38,"column":3}}}},"branchMap":{"0":{"loc":{"start":{"line":20,"column":2},"end":{"line":22,"column":34}},"type":"cond-expr","locations":[{"start":{"line":21,"column":6},"end":{"line":21,"column":49}},{"start":{"line":22,"column":6},"end":{"line":22,"column":34}}]},"1":{"loc":{"start":{"line":37,"column":35},"end":{"line":37,"column":65}},"type":"cond-expr","locations":[{"start":{"line":37,"column":48},"end":{"line":37,"column":56}},{"start":{"line":37,"column":59},"end":{"line":37,"column":65}}]},"2":{"loc":{"start":{"line":77,"column":15},"end":{"line":80,"column":null}},"type":"cond-expr","locations":[{"start":{"line":78,"column":16},"end":{"line":78,"column":41}},{"start":{"line":80,"column":16},"end":{"line":80,"column":46}}]},"3":{"loc":{"start":{"line":95,"column":15},"end":{"line":98,"column":null}},"type":"binary-expr","locations":[{"start":{"line":95,"column":15},"end":{"line":95,"column":27}},{"start":{"line":96,"column":16},"end":{"line":97,"column":null}}]},"4":{"loc":{"start":{"line":106,"column":12},"end":{"line":106,"column":71}},"type":"cond-expr","locations":[{"start":{"line":106,"column":27},"end":{"line":106,"column":66}},{"start":{"line":106,"column":69},"end":{"line":106,"column":71}}]},"5":{"loc":{"start":{"line":115,"column":4},"end":{"line":115,"column":64}},"type":"cond-expr","locations":[{"start":{"line":115,"column":17},"end":{"line":115,"column":30}},{"start":{"line":115,"column":33},"end":{"line":115,"column":64}}]},"6":{"loc":{"start":{"line":121,"column":4},"end":{"line":121,"column":54}},"type":"cond-expr","locations":[{"start":{"line":121,"column":17},"end":{"line":121,"column":32}},{"start":{"line":121,"column":35},"end":{"line":121,"column":54}}]},"7":{"loc":{"start":{"line":156,"column":15},"end":{"line":159,"column":null}},"type":"binary-expr","locations":[{"start":{"line":156,"column":15},"end":{"line":156,"column":27}},{"start":{"line":157,"column":16},"end":{"line":158,"column":null}}]}},"s":{"0":1,"1":1,"2":1,"3":1,"4":1,"5":1,"6":1,"7":1,"8":1,"9":1,"10":1,"11":1,"12":48,"13":1,"14":6,"15":6,"16":6,"17":10,"18":6,"19":1,"20":1,"21":6,"22":1,"23":1,"24":6,"25":5,"26":6,"27":1},"f":{"0":48,"1":6,"2":10,"3":1,"4":1,"5":1,"6":1,"7":5},"b":{"0":[12,36],"1":[1,4],"2":[1,5],"3":[6,0],"4":[1,5],"5":[1,5],"6":[1,5],"7":[6,0]}}
,"C:\\Users\\sathi\\Luxe-App\\src\\components\\navbar\\NavbarStyle.ts": {"path":"C:\\Users\\sathi\\Luxe-App\\src\\components\\navbar\\NavbarStyle.ts","statementMap":{"0":{"start":{"line":2,"column":13},"end":{"line":2,"column":null}},"1":{"start":{"line":4,"column":13},"end":{"line":4,"column":null}},"2":{"start":{"line":6,"column":13},"end":{"line":6,"column":null}},"3":{"start":{"line":8,"column":13},"end":{"line":8,"column":null}},"4":{"start":{"line":10,"column":13},"end":{"line":10,"column":null}}},"fnMap":{},"branchMap":{},"s":{"0":1,"1":1,"2":1,"3":1,"4":1},"f":{},"b":{}}
,"C:\\Users\\sathi\\Luxe-App\\src\\components\\search\\SearchInput.tsx": {"path":"C:\\Users\\sathi\\Luxe-App\\src\\components\\search\\SearchInput.tsx","statementMap":{"0":{"start":{"line":2,"column":0},"end":{"line":2,"column":33}},"1":{"start":{"line":3,"column":0},"end":{"line":3,"column":52}},"2":{"start":{"line":4,"column":0},"end":{"line":4,"column":47}},"3":{"start":{"line":11,"column":21},"end":{"line":11,"column":34}},"4":{"start":{"line":12,"column":42},"end":{"line":12,"column":62}},"5":{"start":{"line":14,"column":26},"end":{"line":19,"column":5}},"6":{"start":{"line":15,"column":6},"end":{"line":18,"column":7}},"7":{"start":{"line":16,"column":10},"end":{"line":16,"column":null}},"8":{"start":{"line":17,"column":10},"end":{"line":17,"column":null}},"9":{"start":{"line":21,"column":2},"end":{"line":30,"column":4}},"10":{"start":{"line":26,"column":22},"end":{"line":26,"column":52}},"11":{"start":{"line":33,"column":0},"end":{"line":33,"column":25}}},"fnMap":{"0":{"name":"SearchBar","decl":{"start":{"line":10,"column":9},"end":{"line":10,"column":18}},"loc":{"start":{"line":10,"column":48},"end":{"line":31,"column":1}}},"1":{"name":"(anonymous_1)","decl":{"start":{"line":14,"column":26},"end":{"line":14,"column":27}},"loc":{"start":{"line":14,"column":70},"end":{"line":19,"column":5}}},"2":{"name":"(anonymous_2)","decl":{"start":{"line":26,"column":16},"end":{"line":26,"column":17}},"loc":{"start":{"line":26,"column":22},"end":{"line":26,"column":52}}}},"branchMap":{"0":{"loc":{"start":{"line":15,"column":6},"end":{"line":18,"column":7}},"type":"if","locations":[{"start":{"line":15,"column":6},"end":{"line":18,"column":7}},{"start":{},"end":{}}]},"1":{"loc":{"start":{"line":15,"column":10},"end":{"line":15,"column":49}},"type":"binary-expr","locations":[{"start":{"line":15,"column":10},"end":{"line":15,"column":27}},{"start":{"line":15,"column":31},"end":{"line":15,"column":49}}]},"2":{"loc":{"start":{"line":23,"column":17},"end":{"line":23,"column":59}},"type":"cond-expr","locations":[{"start":{"line":23,"column":32},"end":{"line":23,"column":48}},{"start":{"line":23,"column":51},"end":{"line":23,"column":59}}]}},"s":{"0":1,"1":1,"2":1,"3":6,"4":6,"5":6,"6":0,"7":0,"8":0,"9":6,"10":0,"11":1},"f":{"0":6,"1":0,"2":0},"b":{"0":[0,0],"1":[0,0],"2":[1,5]}}
,"C:\\Users\\sathi\\Luxe-App\\src\\redux\\cartSlice.ts": {"path":"C:\\Users\\sathi\\Luxe-App\\src\\redux\\cartSlice.ts","statementMap":{"0":{"start":{"line":1,"column":0},"end":{"line":1,"column":47}},"1":{"start":{"line":27,"column":28},"end":{"line":39,"column":1}},"2":{"start":{"line":28,"column":17},"end":{"line":28,"column":51}},"3":{"start":{"line":30,"column":2},"end":{"line":32,"column":3}},"4":{"start":{"line":31,"column":4},"end":{"line":31,"column":30}},"5":{"start":{"line":34,"column":2},"end":{"line":38,"column":4}},"6":{"start":{"line":41,"column":27},"end":{"line":41,"column":48}},"7":{"start":{"line":43,"column":24},"end":{"line":56,"column":1}},"8":{"start":{"line":44,"column":2},"end":{"line":48,"column":4}},"9":{"start":{"line":45,"column":21},"end":{"line":45,"column":42}},"10":{"start":{"line":50,"column":2},"end":{"line":55,"column":8}},"11":{"start":{"line":51,"column":26},"end":{"line":53,"column":18}},"12":{"start":{"line":54,"column":4},"end":{"line":54,"column":49}},"13":{"start":{"line":58,"column":31},"end":{"line":60,"column":1}},"14":{"start":{"line":59,"column":2},"end":{"line":59,"column":60}},"15":{"start":{"line":62,"column":18},"end":{"line":135,"column":2}},"16":{"start":{"line":67,"column":6},"end":{"line":67,"column":41}},"17":{"start":{"line":68,"column":6},"end":{"line":68,"column":29}},"18":{"start":{"line":69,"column":6},"end":{"line":69,"column":36}},"19":{"start":{"line":73,"column":23},"end":{"line":73,"column":52}},"20":{"start":{"line":75,"column":29},"end":{"line":76,"column":null}},"21":{"start":{"line":76,"column":18},"end":{"line":76,"column":61}},"22":{"start":{"line":79,"column":6},"end":{"line":86,"column":7}},"23":{"start":{"line":80,"column":8},"end":{"line":80,"column":44}},"24":{"start":{"line":82,"column":8},"end":{"line":85,"column":11}},"25":{"start":{"line":88,"column":6},"end":{"line":88,"column":29}},"26":{"start":{"line":89,"column":6},"end":{"line":89,"column":36}},"27":{"start":{"line":93,"column":6},"end":{"line":95,"column":8}},"28":{"start":{"line":94,"column":18},"end":{"line":94,"column":51}},"29":{"start":{"line":96,"column":6},"end":{"line":96,"column":29}},"30":{"start":{"line":97,"column":6},"end":{"line":97,"column":36}},"31":{"start":{"line":101,"column":19},"end":{"line":102,"column":null}},"32":{"start":{"line":102,"column":18},"end":{"line":102,"column":51}},"33":{"start":{"line":105,"column":6},"end":{"line":107,"column":7}},"34":{"start":{"line":106,"column":8},"end":{"line":106,"column":27}},"35":{"start":{"line":108,"column":6},"end":{"line":108,"column":29}},"36":{"start":{"line":109,"column":6},"end":{"line":109,"column":36}},"37":{"start":{"line":113,"column":19},"end":{"line":114,"column":null}},"38":{"start":{"line":114,"column":18},"end":{"line":114,"column":51}},"39":{"start":{"line":117,"column":6},"end":{"line":125,"column":7}},"40":{"start":{"line":118,"column":8},"end":{"line":124,"column":9}},"41":{"start":{"line":119,"column":10},"end":{"line":119,"column":29}},"42":{"start":{"line":121,"column":10},"end":{"line":123,"column":12}},"43":{"start":{"line":122,"column":22},"end":{"line":122,"column":55}},"44":{"start":{"line":127,"column":6},"end":{"line":127,"column":29}},"45":{"start":{"line":128,"column":6},"end":{"line":128,"column":36}},"46":{"start":{"line":131,"column":6},"end":{"line":131,"column":74}},"47":{"start":{"line":132,"column":6},"end":{"line":132,"column":44}},"48":{"start":{"line":137,"column":13},"end":{"line":143,"column":null}},"49":{"start":{"line":146,"column":0},"end":{"line":146,"column":33}}},"fnMap":{"0":{"name":"(anonymous_0)","decl":{"start":{"line":27,"column":28},"end":{"line":27,"column":37}},"loc":{"start":{"line":27,"column":39},"end":{"line":39,"column":1}}},"1":{"name":"(anonymous_1)","decl":{"start":{"line":43,"column":24},"end":{"line":43,"column":25}},"loc":{"start":{"line":43,"column":40},"end":{"line":56,"column":1}}},"2":{"name":"(anonymous_2)","decl":{"start":{"line":45,"column":4},"end":{"line":45,"column":5}},"loc":{"start":{"line":45,"column":21},"end":{"line":45,"column":42}}},"3":{"name":"(anonymous_3)","decl":{"start":{"line":50,"column":41},"end":{"line":50,"column":42}},"loc":{"start":{"line":50,"column":57},"end":{"line":55,"column":3}}},"4":{"name":"(anonymous_4)","decl":{"start":{"line":58,"column":31},"end":{"line":58,"column":32}},"loc":{"start":{"line":58,"column":47},"end":{"line":60,"column":1}}},"5":{"name":"(anonymous_5)","decl":{"start":{"line":66,"column":13},"end":{"line":66,"column":14}},"loc":{"start":{"line":66,"column":31},"end":{"line":70,"column":5}}},"6":{"name":"(anonymous_6)","decl":{"start":{"line":71,"column":15},"end":{"line":71,"column":16}},"loc":{"start":{"line":71,"column":33},"end":{"line":90,"column":5}}},"7":{"name":"(anonymous_7)","decl":{"start":{"line":76,"column":8},"end":{"line":76,"column":9}},"loc":{"start":{"line":76,"column":18},"end":{"line":76,"column":61}}},"8":{"name":"(anonymous_8)","decl":{"start":{"line":92,"column":20},"end":{"line":92,"column":21}},"loc":{"start":{"line":92,"column":38},"end":{"line":98,"column":5}}},"9":{"name":"(anonymous_9)","decl":{"start":{"line":94,"column":8},"end":{"line":94,"column":9}},"loc":{"start":{"line":94,"column":18},"end":{"line":94,"column":51}}},"10":{"name":"(anonymous_10)","decl":{"start":{"line":100,"column":17},"end":{"line":100,"column":18}},"loc":{"start":{"line":100,"column":35},"end":{"line":110,"column":5}}},"11":{"name":"(anonymous_11)","decl":{"start":{"line":102,"column":8},"end":{"line":102,"column":9}},"loc":{"start":{"line":102,"column":18},"end":{"line":102,"column":51}}},"12":{"name":"(anonymous_12)","decl":{"start":{"line":112,"column":17},"end":{"line":112,"column":18}},"loc":{"start":{"line":112,"column":35},"end":{"line":129,"column":5}}},"13":{"name":"(anonymous_13)","decl":{"start":{"line":114,"column":8},"end":{"line":114,"column":9}},"loc":{"start":{"line":114,"column":18},"end":{"line":114,"column":51}}},"14":{"name":"(anonymous_14)","decl":{"start":{"line":122,"column":12},"end":{"line":122,"column":13}},"loc":{"start":{"line":122,"column":22},"end":{"line":122,"column":55}}},"15":{"name":"(anonymous_15)","decl":{"start":{"line":130,"column":15},"end":{"line":130,"column":16}},"loc":{"start":{"line":130,"column":25},"end":{"line":133,"column":5}}}},"branchMap":{"0":{"loc":{"start":{"line":30,"column":2},"end":{"line":32,"column":3}},"type":"if","locations":[{"start":{"line":30,"column":2},"end":{"line":32,"column":3}},{"start":{},"end":{}}]},"1":{"loc":{"start":{"line":51,"column":26},"end":{"line":53,"column":18}},"type":"cond-expr","locations":[{"start":{"line":52,"column":8},"end":{"line":52,"column":53}},{"start":{"line":53,"column":8},"end":{"line":53,"column":18}}]},"2":{"loc":{"start":{"line":67,"column":20},"end":{"line":67,"column":40}},"type":"binary-expr","locations":[{"start":{"line":67,"column":20},"end":{"line":67,"column":34}},{"start":{"line":67,"column":38},"end":{"line":67,"column":40}}]},"3":{"loc":{"start":{"line":73,"column":23},"end":{"line":73,"column":52}},"type":"binary-expr","locations":[{"start":{"line":73,"column":23},"end":{"line":73,"column":47}},{"start":{"line":73,"column":51},"end":{"line":73,"column":52}}]},"4":{"loc":{"start":{"line":79,"column":6},"end":{"line":86,"column":7}},"type":"if","locations":[{"start":{"line":79,"column":6},"end":{"line":86,"column":7}},{"start":{"line":81,"column":13},"end":{"line":86,"column":7}}]},"5":{"loc":{"start":{"line":105,"column":6},"end":{"line":107,"column":7}},"type":"if","locations":[{"start":{"line":105,"column":6},"end":{"line":107,"column":7}},{"start":{},"end":{}}]},"6":{"loc":{"start":{"line":117,"column":6},"end":{"line":125,"column":7}},"type":"if","locations":[{"start":{"line":117,"column":6},"end":{"line":125,"column":7}},{"start":{},"end":{}}]},"7":{"loc":{"start":{"line":118,"column":8},"end":{"line":124,"column":9}},"type":"if","locations":[{"start":{"line":118,"column":8},"end":{"line":124,"column":9}},{"start":{"line":120,"column":15},"end":{"line":124,"column":9}}]}},"s":{"0":8,"1":8,"2":8,"3":8,"4":0,"5":8,"6":8,"7":8,"8":4,"9":2,"10":4,"11":2,"12":2,"13":8,"14":4,"15":8,"16":0,"17":0,"18":0,"19":0,"20":0,"21":0,"22":0,"23":0,"24":0,"25":0,"26":0,"27":1,"28":1,"29":1,"30":1,"31":1,"32":1,"33":1,"34":1,"35":1,"36":1,"37":2,"38":2,"39":2,"40":2,"41":1,"42":1,"43":1,"44":2,"45":2,"46":1,"47":1,"48":8,"49":8},"f":{"0":8,"1":4,"2":2,"3":2,"4":4,"5":0,"6":0,"7":0,"8":1,"9":1,"10":1,"11":1,"12":2,"13":2,"14":1,"15":1},"b":{"0":[0,8],"1":[0,2],"2":[0,0],"3":[0,0],"4":[0,0],"5":[1,0],"6":[2,0],"7":[1,1]}}
,"C:\\Users\\sathi\\Luxe-App\\src\\redux\\categorySlice.ts": {"path":"C:\\Users\\sathi\\Luxe-App\\src\\redux\\categorySlice.ts","statementMap":{"0":{"start":{"line":1,"column":0},"end":{"line":1,"column":65}},"1":{"start":{"line":2,"column":0},"end":{"line":2,"column":44}},"2":{"start":{"line":3,"column":0},"end":{"line":3,"column":53}},"3":{"start":{"line":14,"column":13},"end":{"line":28,"column":2}},"4":{"start":{"line":17,"column":4},"end":{"line":26,"column":5}},"5":{"start":{"line":18,"column":23},"end":{"line":18,"column":53}},"6":{"start":{"line":19,"column":6},"end":{"line":19,"column":null}},"7":{"start":{"line":22,"column":6},"end":{"line":24,"column":7}},"8":{"start":{"line":23,"column":8},"end":{"line":23,"column":55}},"9":{"start":{"line":25,"column":6},"end":{"line":25,"column":62}},"10":{"start":{"line":30,"column":36},"end":{"line":34,"column":2}},"11":{"start":{"line":36,"column":22},"end":{"line":55,"column":2}},"12":{"start":{"line":41,"column":4},"end":{"line":53,"column":9}},"13":{"start":{"line":43,"column":8},"end":{"line":43,"column":37}},"14":{"start":{"line":44,"column":8},"end":{"line":44,"column":27}},"15":{"start":{"line":47,"column":8},"end":{"line":47,"column":38}},"16":{"start":{"line":48,"column":8},"end":{"line":48,"column":42}},"17":{"start":{"line":51,"column":8},"end":{"line":51,"column":38}},"18":{"start":{"line":52,"column":8},"end":{"line":52,"column":47}},"19":{"start":{"line":57,"column":0},"end":{"line":57,"column":37}}},"fnMap":{"0":{"name":"(anonymous_1)","decl":{"start":{"line":16,"column":2},"end":{"line":16,"column":7}},"loc":{"start":{"line":16,"column":24},"end":{"line":27,"column":3}}},"1":{"name":"(anonymous_2)","decl":{"start":{"line":40,"column":17},"end":{"line":40,"column":18}},"loc":{"start":{"line":40,"column":29},"end":{"line":54,"column":3}}},"2":{"name":"(anonymous_3)","decl":{"start":{"line":42,"column":38},"end":{"line":42,"column":39}},"loc":{"start":{"line":42,"column":48},"end":{"line":45,"column":7}}},"3":{"name":"(anonymous_4)","decl":{"start":{"line":46,"column":40},"end":{"line":46,"column":41}},"loc":{"start":{"line":46,"column":58},"end":{"line":49,"column":7}}},"4":{"name":"(anonymous_5)","decl":{"start":{"line":50,"column":39},"end":{"line":50,"column":40}},"loc":{"start":{"line":50,"column":57},"end":{"line":53,"column":7}}}},"branchMap":{"0":{"loc":{"start":{"line":22,"column":6},"end":{"line":24,"column":7}},"type":"if","locations":[{"start":{"line":22,"column":6},"end":{"line":24,"column":7}},{"start":{},"end":{}}]}},"s":{"0":6,"1":6,"2":6,"3":6,"4":0,"5":0,"6":0,"7":0,"8":0,"9":0,"10":6,"11":6,"12":6,"13":0,"14":0,"15":0,"16":0,"17":0,"18":0,"19":6},"f":{"0":0,"1":6,"2":0,"3":0,"4":0},"b":{"0":[0,0]}}
,"C:\\Users\\sathi\\Luxe-App\\src\\redux\\productSlice.ts": {"path":"C:\\Users\\sathi\\Luxe-App\\src\\redux\\productSlice.ts","statementMap":{"0":{"start":{"line":1,"column":0},"end":{"line":1,"column":65}},"1":{"start":{"line":2,"column":0},"end":{"line":2,"column":44}},"2":{"start":{"line":4,"column":0},"end":{"line":4,"column":53}},"3":{"start":{"line":20,"column":13},"end":{"line":37,"column":2}},"4":{"start":{"line":23,"column":4},"end":{"line":35,"column":5}},"5":{"start":{"line":24,"column":23},"end":{"line":24,"column":75}},"6":{"start":{"line":25,"column":6},"end":{"line":29,"column":8}},"7":{"start":{"line":31,"column":6},"end":{"line":33,"column":7}},"8":{"start":{"line":32,"column":8},"end":{"line":32,"column":55}},"9":{"start":{"line":34,"column":6},"end":{"line":34,"column":62}},"10":{"start":{"line":39,"column":13},"end":{"line":54,"column":2}},"11":{"start":{"line":42,"column":4},"end":{"line":52,"column":5}},"12":{"start":{"line":43,"column":23},"end":{"line":44,"column":null}},"13":{"start":{"line":46,"column":6},"end":{"line":46,"column":43}},"14":{"start":{"line":48,"column":6},"end":{"line":50,"column":7}},"15":{"start":{"line":49,"column":8},"end":{"line":49,"column":55}},"16":{"start":{"line":51,"column":6},"end":{"line":51,"column":62}},"17":{"start":{"line":56,"column":35},"end":{"line":62,"column":2}},"18":{"start":{"line":64,"column":21},"end":{"line":97,"column":2}},"19":{"start":{"line":69,"column":4},"end":{"line":95,"column":9}},"20":{"start":{"line":71,"column":8},"end":{"line":71,"column":31}},"21":{"start":{"line":72,"column":8},"end":{"line":72,"column":27}},"22":{"start":{"line":75,"column":8},"end":{"line":75,"column":32}},"23":{"start":{"line":76,"column":8},"end":{"line":76,"column":45}},"24":{"start":{"line":77,"column":8},"end":{"line":77,"column":56}},"25":{"start":{"line":78,"column":8},"end":{"line":78,"column":54}},"26":{"start":{"line":81,"column":8},"end":{"line":81,"column":32}},"27":{"start":{"line":82,"column":8},"end":{"line":82,"column":47}},"28":{"start":{"line":85,"column":8},"end":{"line":85,"column":31}},"29":{"start":{"line":86,"column":8},"end":{"line":86,"column":27}},"30":{"start":{"line":89,"column":8},"end":{"line":89,"column":32}},"31":{"start":{"line":90,"column":8},"end":{"line":90,"column":40}},"32":{"start":{"line":93,"column":8},"end":{"line":93,"column":32}},"33":{"start":{"line":94,"column":8},"end":{"line":94,"column":47}},"34":{"start":{"line":99,"column":0},"end":{"line":99,"column":36}}},"fnMap":{"0":{"name":"(anonymous_1)","decl":{"start":{"line":22,"column":2},"end":{"line":22,"column":7}},"loc":{"start":{"line":22,"column":30},"end":{"line":36,"column":3}}},"1":{"name":"(anonymous_2)","decl":{"start":{"line":41,"column":2},"end":{"line":41,"column":7}},"loc":{"start":{"line":41,"column":48},"end":{"line":53,"column":3}}},"2":{"name":"(anonymous_3)","decl":{"start":{"line":68,"column":17},"end":{"line":68,"column":18}},"loc":{"start":{"line":68,"column":29},"end":{"line":96,"column":3}}},"3":{"name":"(anonymous_4)","decl":{"start":{"line":70,"column":38},"end":{"line":70,"column":39}},"loc":{"start":{"line":70,"column":48},"end":{"line":73,"column":7}}},"4":{"name":"(anonymous_5)","decl":{"start":{"line":74,"column":40},"end":{"line":74,"column":41}},"loc":{"start":{"line":74,"column":58},"end":{"line":79,"column":7}}},"5":{"name":"(anonymous_6)","decl":{"start":{"line":80,"column":39},"end":{"line":80,"column":40}},"loc":{"start":{"line":80,"column":57},"end":{"line":83,"column":7}}},"6":{"name":"(anonymous_7)","decl":{"start":{"line":84,"column":48},"end":{"line":84,"column":49}},"loc":{"start":{"line":84,"column":58},"end":{"line":87,"column":7}}},"7":{"name":"(anonymous_8)","decl":{"start":{"line":88,"column":50},"end":{"line":88,"column":51}},"loc":{"start":{"line":88,"column":68},"end":{"line":91,"column":7}}},"8":{"name":"(anonymous_9)","decl":{"start":{"line":92,"column":49},"end":{"line":92,"column":50}},"loc":{"start":{"line":92,"column":67},"end":{"line":95,"column":7}}}},"branchMap":{"0":{"loc":{"start":{"line":22,"column":9},"end":{"line":22,"column":16}},"type":"default-arg","locations":[{"start":{"line":22,"column":15},"end":{"line":22,"column":16}}]},"1":{"loc":{"start":{"line":31,"column":6},"end":{"line":33,"column":7}},"type":"if","locations":[{"start":{"line":31,"column":6},"end":{"line":33,"column":7}},{"start":{},"end":{}}]},"2":{"loc":{"start":{"line":48,"column":6},"end":{"line":50,"column":7}},"type":"if","locations":[{"start":{"line":48,"column":6},"end":{"line":50,"column":7}},{"start":{},"end":{}}]}},"s":{"0":6,"1":6,"2":6,"3":6,"4":0,"5":0,"6":0,"7":0,"8":0,"9":0,"10":6,"11":0,"12":0,"13":0,"14":0,"15":0,"16":0,"17":6,"18":6,"19":6,"20":0,"21":0,"22":0,"23":0,"24":0,"25":0,"26":0,"27":0,"28":0,"29":0,"30":0,"31":0,"32":0,"33":0,"34":6},"f":{"0":0,"1":0,"2":6,"3":0,"4":0,"5":0,"6":0,"7":0,"8":0},"b":{"0":[0],"1":[0,0],"2":[0,0]}}
,"C:\\Users\\sathi\\Luxe-App\\src\\redux\\store.ts": {"path":"C:\\Users\\sathi\\Luxe-App\\src\\redux\\store.ts","statementMap":{"0":{"start":{"line":1,"column":0},"end":{"line":1,"column":50}},"1":{"start":{"line":2,"column":0},"end":{"line":2,"column":43}},"2":{"start":{"line":3,"column":0},"end":{"line":3,"column":37}},"3":{"start":{"line":4,"column":0},"end":{"line":4,"column":45}},"4":{"start":{"line":6,"column":13},"end":{"line":12,"column":null}}},"fnMap":{},"branchMap":{},"s":{"0":8,"1":8,"2":8,"3":8,"4":8},"f":{},"b":{}}
,"C:\\Users\\sathi\\Luxe-App\\src\\screens\\About.tsx": {"path":"C:\\Users\\sathi\\Luxe-App\\src\\screens\\About.tsx","statementMap":{"0":{"start":{"line":1,"column":0},"end":{"line":1,"column":40}},"1":{"start":{"line":2,"column":0},"end":{"line":2,"column":44}},"2":{"start":{"line":3,"column":0},"end":{"line":3,"column":43}},"3":{"start":{"line":6,"column":2},"end":{"line":53,"column":4}},"4":{"start":{"line":56,"column":0},"end":{"line":56,"column":21}}},"fnMap":{"0":{"name":"About","decl":{"start":{"line":5,"column":9},"end":{"line":5,"column":14}},"loc":{"start":{"line":5,"column":14},"end":{"line":54,"column":1}}}},"branchMap":{},"s":{"0":1,"1":1,"2":1,"3":3,"4":1},"f":{"0":3},"b":{}}
,"C:\\Users\\sathi\\Luxe-App\\src\\screens\\Address.tsx": {"path":"C:\\Users\\sathi\\Luxe-App\\src\\screens\\Address.tsx","statementMap":{"0":{"start":{"line":1,"column":0},"end":{"line":1,"column":59}},"1":{"start":{"line":2,"column":0},"end":{"line":2,"column":27}},"2":{"start":{"line":3,"column":0},"end":{"line":3,"column":40}},"3":{"start":{"line":4,"column":0},"end":{"line":4,"column":33}},"4":{"start":{"line":5,"column":0},"end":{"line":5,"column":58}},"5":{"start":{"line":6,"column":0},"end":{"line":6,"column":39}},"6":{"start":{"line":7,"column":0},"end":{"line":7,"column":52}},"7":{"start":{"line":8,"column":0},"end":{"line":8,"column":47}},"8":{"start":{"line":12,"column":19},"end":{"line":12,"column":32}},"9":{"start":{"line":13,"column":32},"end":{"line":13,"column":56}},"10":{"start":{"line":15,"column":27},"end":{"line":23,"column":4}},"11":{"start":{"line":25,"column":27},"end":{"line":49,"column":3}},"12":{"start":{"line":26,"column":4},"end":{"line":48,"column":5}},"13":{"start":{"line":27,"column":6},"end":{"line":27,"column":23}},"14":{"start":{"line":29,"column":23},"end":{"line":29,"column":37}},"15":{"start":{"line":30,"column":6},"end":{"line":30,"column":60}},"16":{"start":{"line":31,"column":6},"end":{"line":31,"column":60}},"17":{"start":{"line":32,"column":6},"end":{"line":32,"column":43}},"18":{"start":{"line":33,"column":6},"end":{"line":33,"column":45}},"19":{"start":{"line":34,"column":6},"end":{"line":34,"column":49}},"20":{"start":{"line":35,"column":6},"end":{"line":35,"column":49}},"21":{"start":{"line":36,"column":6},"end":{"line":36,"column":61}},"22":{"start":{"line":38,"column":23},"end":{"line":38,"column":52}},"23":{"start":{"line":40,"column":6},"end":{"line":42,"column":7}},"24":{"start":{"line":41,"column":8},"end":{"line":41,"column":26}},"25":{"start":{"line":44,"column":22},"end":{"line":44,"column":77}},"26":{"start":{"line":45,"column":6},"end":{"line":45,"column":27}},"27":{"start":{"line":47,"column":6},"end":{"line":47,"column":24}},"28":{"start":{"line":51,"column":2},"end":{"line":121,"column":4}},"29":{"start":{"line":73,"column":12},"end":{"line":115,"column":null}},"30":{"start":{"line":124,"column":0},"end":{"line":124,"column":23}}},"fnMap":{"0":{"name":"Address","decl":{"start":{"line":11,"column":9},"end":{"line":11,"column":16}},"loc":{"start":{"line":11,"column":16},"end":{"line":122,"column":1}}},"1":{"name":"(anonymous_11)","decl":{"start":{"line":25,"column":27},"end":{"line":25,"column":32}},"loc":{"start":{"line":25,"column":59},"end":{"line":49,"column":3}}},"2":{"name":"(anonymous_12)","decl":{"start":{"line":72,"column":11},"end":{"line":72,"column":14}},"loc":{"start":{"line":73,"column":12},"end":{"line":115,"column":null}}}},"branchMap":{"0":{"loc":{"start":{"line":40,"column":6},"end":{"line":42,"column":7}},"type":"if","locations":[{"start":{"line":40,"column":6},"end":{"line":42,"column":7}},{"start":{},"end":{}}]},"1":{"loc":{"start":{"line":44,"column":22},"end":{"line":44,"column":77}},"type":"binary-expr","locations":[{"start":{"line":44,"column":22},"end":{"line":44,"column":51}},{"start":{"line":44,"column":55},"end":{"line":44,"column":77}}]}},"s":{"0":1,"1":1,"2":1,"3":1,"4":1,"5":1,"6":1,"7":1,"8":2,"9":2,"10":2,"11":2,"12":0,"13":0,"14":0,"15":0,"16":0,"17":0,"18":0,"19":0,"20":0,"21":0,"22":0,"23":0,"24":0,"25":0,"26":0,"27":0,"28":2,"29":4,"30":1},"f":{"0":2,"1":0,"2":4},"b":{"0":[0,0],"1":[0,0]}}
,"C:\\Users\\sathi\\Luxe-App\\src\\screens\\Cart.tsx": {"path":"C:\\Users\\sathi\\Luxe-App\\src\\screens\\Cart.tsx","statementMap":{"0":{"start":{"line":1,"column":0},"end":{"line":1,"column":47}},"1":{"start":{"line":3,"column":0},"end":{"line":3,"column":48}},"2":{"start":{"line":4,"column":0},"end":{"line":4,"column":40}},"3":{"start":{"line":5,"column":0},"end":{"line":5,"column":44}},"4":{"start":{"line":6,"column":0},"end":{"line":6,"column":49}},"5":{"start":{"line":7,"column":0},"end":{"line":7,"column":32}},"6":{"start":{"line":8,"column":0},"end":{"line":8,"column":null}},"7":{"start":{"line":15,"column":0},"end":{"line":15,"column":55}},"8":{"start":{"line":16,"column":0},"end":{"line":16,"column":null}},"9":{"start":{"line":22,"column":0},"end":{"line":22,"column":44}},"10":{"start":{"line":23,"column":0},"end":{"line":23,"column":37}},"11":{"start":{"line":25,"column":0},"end":{"line":25,"column":39}},"12":{"start":{"line":28,"column":19},"end":{"line":28,"column":32}},"13":{"start":{"line":29,"column":19},"end":{"line":29,"column":32}},"14":{"start":{"line":31,"column":50},"end":{"line":31,"column":79}},"15":{"start":{"line":32,"column":32},"end":{"line":32,"column":56}},"16":{"start":{"line":33,"column":46},"end":{"line":33,"column":70}},"17":{"start":{"line":34,"column":48},"end":{"line":34,"column":77}},"18":{"start":{"line":35,"column":36},"end":{"line":35,"column":61}},"19":{"start":{"line":36,"column":32},"end":{"line":36,"column":56}},"20":{"start":{"line":40,"column":2},"end":{"line":44,"column":3}},"21":{"start":{"line":41,"column":4},"end":{"line":43,"column":6}},"22":{"start":{"line":42,"column":16},"end":{"line":42,"column":57}},"23":{"start":{"line":46,"column":15},"end":{"line":46,"column":60}},"24":{"start":{"line":46,"column":49},"end":{"line":46,"column":59}},"25":{"start":{"line":48,"column":25},"end":{"line":69,"column":3}},"26":{"start":{"line":49,"column":18},"end":{"line":49,"column":38}},"27":{"start":{"line":50,"column":4},"end":{"line":53,"column":5}},"28":{"start":{"line":51,"column":6},"end":{"line":51,"column":25}},"29":{"start":{"line":52,"column":6},"end":{"line":52,"column":13}},"30":{"start":{"line":55,"column":4},"end":{"line":68,"column":5}},"31":{"start":{"line":56,"column":6},"end":{"line":67,"column":7}},"32":{"start":{"line":57,"column":24},"end":{"line":57,"column":50}},"33":{"start":{"line":58,"column":8},"end":{"line":58,"column":29}},"34":{"start":{"line":59,"column":8},"end":{"line":59,"column":37}},"35":{"start":{"line":60,"column":25},"end":{"line":60,"column":54}},"36":{"start":{"line":61,"column":8},"end":{"line":61,"column":41}},"37":{"start":{"line":62,"column":8},"end":{"line":62,"column":30}},"38":{"start":{"line":64,"column":8},"end":{"line":64,"column":27}},"39":{"start":{"line":65,"column":24},"end":{"line":65,"column":79}},"40":{"start":{"line":66,"column":8},"end":{"line":66,"column":29}},"41":{"start":{"line":71,"column":28},"end":{"line":96,"column":3}},"42":{"start":{"line":72,"column":18},"end":{"line":72,"column":38}},"43":{"start":{"line":74,"column":4},"end":{"line":77,"column":5}},"44":{"start":{"line":75,"column":6},"end":{"line":75,"column":47}},"45":{"start":{"line":76,"column":6},"end":{"line":76,"column":13}},"46":{"start":{"line":79,"column":4},"end":{"line":95,"column":5}},"47":{"start":{"line":80,"column":6},"end":{"line":80,"column":45}},"48":{"start":{"line":81,"column":27},"end":{"line":87,"column":9}},"49":{"start":{"line":81,"column":53},"end":{"line":87,"column":8}},"50":{"start":{"line":89,"column":6},"end":{"line":89,"column":40}},"51":{"start":{"line":91,"column":19},"end":{"line":91,"column":37}},"52":{"start":{"line":92,"column":6},"end":{"line":92,"column":30}},"53":{"start":{"line":94,"column":6},"end":{"line":94,"column":32}},"54":{"start":{"line":98,"column":28},"end":{"line":140,"column":3}},"55":{"start":{"line":99,"column":18},"end":{"line":99,"column":38}},"56":{"start":{"line":101,"column":4},"end":{"line":104,"column":5}},"57":{"start":{"line":102,"column":6},"end":{"line":102,"column":47}},"58":{"start":{"line":103,"column":6},"end":{"line":103,"column":13}},"59":{"start":{"line":106,"column":4},"end":{"line":139,"column":5}},"60":{"start":{"line":107,"column":6},"end":{"line":107,"column":45}},"61":{"start":{"line":108,"column":6},"end":{"line":114,"column":7}},"62":{"start":{"line":109,"column":8},"end":{"line":109,"column":32}},"63":{"start":{"line":111,"column":8},"end":{"line":111,"column":30}},"64":{"start":{"line":113,"column":8},"end":{"line":113,"column":15}},"65":{"start":{"line":115,"column":27},"end":{"line":118,"column":9}},"66":{"start":{"line":115,"column":53},"end":{"line":118,"column":8}},"67":{"start":{"line":120,"column":20},"end":{"line":121,"column":null}},"68":{"start":{"line":121,"column":18},"end":{"line":121,"column":55}},"69":{"start":{"line":124,"column":6},"end":{"line":130,"column":7}},"70":{"start":{"line":125,"column":8},"end":{"line":129,"column":9}},"71":{"start":{"line":126,"column":10},"end":{"line":126,"column":44}},"72":{"start":{"line":128,"column":10},"end":{"line":128,"column":40}},"73":{"start":{"line":132,"column":6},"end":{"line":132,"column":40}},"74":{"start":{"line":134,"column":19},"end":{"line":134,"column":37}},"75":{"start":{"line":136,"column":6},"end":{"line":136,"column":30}},"76":{"start":{"line":138,"column":6},"end":{"line":138,"column":32}},"77":{"start":{"line":142,"column":27},"end":{"line":174,"column":3}},"78":{"start":{"line":143,"column":18},"end":{"line":143,"column":38}},"79":{"start":{"line":145,"column":4},"end":{"line":148,"column":5}},"80":{"start":{"line":146,"column":6},"end":{"line":146,"column":50}},"81":{"start":{"line":147,"column":6},"end":{"line":147,"column":13}},"82":{"start":{"line":150,"column":4},"end":{"line":173,"column":5}},"83":{"start":{"line":151,"column":6},"end":{"line":151,"column":45}},"84":{"start":{"line":152,"column":6},"end":{"line":158,"column":7}},"85":{"start":{"line":153,"column":8},"end":{"line":153,"column":32}},"86":{"start":{"line":155,"column":8},"end":{"line":155,"column":30}},"87":{"start":{"line":157,"column":8},"end":{"line":157,"column":15}},"88":{"start":{"line":159,"column":27},"end":{"line":164,"column":11}},"89":{"start":{"line":160,"column":26},"end":{"line":160,"column":62}},"90":{"start":{"line":161,"column":24},"end":{"line":164,"column":10}},"91":{"start":{"line":166,"column":6},"end":{"line":166,"column":40}},"92":{"start":{"line":168,"column":19},"end":{"line":168,"column":37}},"93":{"start":{"line":170,"column":6},"end":{"line":170,"column":30}},"94":{"start":{"line":172,"column":6},"end":{"line":172,"column":32}},"95":{"start":{"line":176,"column":26},"end":{"line":192,"column":3}},"96":{"start":{"line":177,"column":18},"end":{"line":177,"column":38}},"97":{"start":{"line":179,"column":4},"end":{"line":182,"column":5}},"98":{"start":{"line":180,"column":6},"end":{"line":180,"column":28}},"99":{"start":{"line":181,"column":6},"end":{"line":181,"column":13}},"100":{"start":{"line":184,"column":4},"end":{"line":191,"column":5}},"101":{"start":{"line":185,"column":6},"end":{"line":185,"column":23}},"102":{"start":{"line":186,"column":6},"end":{"line":186,"column":30}},"103":{"start":{"line":188,"column":6},"end":{"line":188,"column":28}},"104":{"start":{"line":190,"column":6},"end":{"line":190,"column":24}},"105":{"start":{"line":194,"column":27},"end":{"line":201,"column":3}},"106":{"start":{"line":195,"column":18},"end":{"line":195,"column":38}},"107":{"start":{"line":196,"column":4},"end":{"line":200,"column":5}},"108":{"start":{"line":197,"column":6},"end":{"line":197,"column":27}},"109":{"start":{"line":199,"column":6},"end":{"line":199,"column":25}},"110":{"start":{"line":203,"column":23},"end":{"line":218,"column":3}},"111":{"start":{"line":204,"column":4},"end":{"line":204,"column":28}},"112":{"start":{"line":205,"column":4},"end":{"line":217,"column":5}},"113":{"start":{"line":206,"column":19},"end":{"line":206,"column":39}},"114":{"start":{"line":207,"column":6},"end":{"line":207,"column":25}},"115":{"start":{"line":209,"column":6},"end":{"line":214,"column":7}},"116":{"start":{"line":210,"column":8},"end":{"line":210,"column":25}},"117":{"start":{"line":212,"column":24},"end":{"line":212,"column":79}},"118":{"start":{"line":213,"column":8},"end":{"line":213,"column":29}},"119":{"start":{"line":216,"column":6},"end":{"line":216,"column":31}},"120":{"start":{"line":220,"column":2},"end":{"line":225,"column":9}},"121":{"start":{"line":221,"column":18},"end":{"line":221,"column":38}},"122":{"start":{"line":222,"column":4},"end":{"line":224,"column":5}},"123":{"start":{"line":223,"column":6},"end":{"line":223,"column":21}},"124":{"start":{"line":227,"column":2},"end":{"line":453,"column":4}},"125":{"start":{"line":259,"column":42},"end":{"line":260,"column":null}},"126":{"start":{"line":262,"column":18},"end":{"line":331,"column":20}},"127":{"start":{"line":271,"column":28},"end":{"line":271,"column":74}},"128":{"start":{"line":290,"column":47},"end":{"line":290,"column":70}},"129":{"start":{"line":305,"column":47},"end":{"line":305,"column":70}},"130":{"start":{"line":323,"column":43},"end":{"line":323,"column":65}},"131":{"start":{"line":354,"column":59},"end":{"line":354,"column":73}},"132":{"start":{"line":356,"column":24},"end":{"line":384,"column":26}},"133":{"start":{"line":362,"column":46},"end":{"line":362,"column":71}},"134":{"start":{"line":388,"column":39},"end":{"line":388,"column":59}},"135":{"start":{"line":456,"column":0},"end":{"line":456,"column":20}}},"fnMap":{"0":{"name":"Cart","decl":{"start":{"line":27,"column":9},"end":{"line":27,"column":13}},"loc":{"start":{"line":27,"column":13},"end":{"line":454,"column":1}}},"1":{"name":"(anonymous_2)","decl":{"start":{"line":42,"column":6},"end":{"line":42,"column":7}},"loc":{"start":{"line":42,"column":16},"end":{"line":42,"column":57}}},"2":{"name":"(anonymous_3)","decl":{"start":{"line":46,"column":27},"end":{"line":46,"column":28}},"loc":{"start":{"line":46,"column":49},"end":{"line":46,"column":59}}},"3":{"name":"(anonymous_4)","decl":{"start":{"line":48,"column":25},"end":{"line":48,"column":30}},"loc":{"start":{"line":48,"column":36},"end":{"line":69,"column":3}}},"4":{"name":"(anonymous_5)","decl":{"start":{"line":71,"column":28},"end":{"line":71,"column":33}},"loc":{"start":{"line":71,"column":51},"end":{"line":96,"column":3}}},"5":{"name":"(anonymous_6)","decl":{"start":{"line":81,"column":42},"end":{"line":81,"column":43}},"loc":{"start":{"line":81,"column":53},"end":{"line":87,"column":8}}},"6":{"name":"(anonymous_7)","decl":{"start":{"line":98,"column":28},"end":{"line":98,"column":33}},"loc":{"start":{"line":98,"column":51},"end":{"line":140,"column":3}}},"7":{"name":"(anonymous_8)","decl":{"start":{"line":115,"column":42},"end":{"line":115,"column":43}},"loc":{"start":{"line":115,"column":53},"end":{"line":118,"column":8}}},"8":{"name":"(anonymous_9)","decl":{"start":{"line":121,"column":8},"end":{"line":121,"column":9}},"loc":{"start":{"line":121,"column":18},"end":{"line":121,"column":55}}},"9":{"name":"(anonymous_10)","decl":{"start":{"line":142,"column":27},"end":{"line":142,"column":32}},"loc":{"start":{"line":142,"column":50},"end":{"line":174,"column":3}}},"10":{"name":"(anonymous_11)","decl":{"start":{"line":160,"column":16},"end":{"line":160,"column":17}},"loc":{"start":{"line":160,"column":26},"end":{"line":160,"column":62}}},"11":{"name":"(anonymous_12)","decl":{"start":{"line":161,"column":13},"end":{"line":161,"column":14}},"loc":{"start":{"line":161,"column":24},"end":{"line":164,"column":10}}},"12":{"name":"(anonymous_13)","decl":{"start":{"line":176,"column":26},"end":{"line":176,"column":31}},"loc":{"start":{"line":176,"column":37},"end":{"line":192,"column":3}}},"13":{"name":"(anonymous_14)","decl":{"start":{"line":194,"column":27},"end":{"line":194,"column":30}},"loc":{"start":{"line":194,"column":32},"end":{"line":201,"column":3}}},"14":{"name":"(anonymous_15)","decl":{"start":{"line":203,"column":23},"end":{"line":203,"column":28}},"loc":{"start":{"line":203,"column":34},"end":{"line":218,"column":3}}},"15":{"name":"(anonymous_16)","decl":{"start":{"line":220,"column":12},"end":{"line":220,"column":15}},"loc":{"start":{"line":220,"column":17},"end":{"line":225,"column":3}}},"16":{"name":"(anonymous_17)","decl":{"start":{"line":258,"column":32},"end":{"line":258,"column":33}},"loc":{"start":{"line":258,"column":48},"end":{"line":332,"column":17}}},"17":{"name":"(anonymous_18)","decl":{"start":{"line":270,"column":35},"end":{"line":270,"column":38}},"loc":{"start":{"line":271,"column":28},"end":{"line":271,"column":74}}},"18":{"name":"(anonymous_19)","decl":{"start":{"line":290,"column":41},"end":{"line":290,"column":44}},"loc":{"start":{"line":290,"column":47},"end":{"line":290,"column":70}}},"19":{"name":"(anonymous_20)","decl":{"start":{"line":305,"column":41},"end":{"line":305,"column":44}},"loc":{"start":{"line":305,"column":47},"end":{"line":305,"column":70}}},"20":{"name":"(anonymous_21)","decl":{"start":{"line":323,"column":37},"end":{"line":323,"column":40}},"loc":{"start":{"line":323,"column":43},"end":{"line":323,"column":65}}},"21":{"name":"(anonymous_22)","decl":{"start":{"line":354,"column":49},"end":{"line":354,"column":50}},"loc":{"start":{"line":354,"column":59},"end":{"line":354,"column":73}}},"22":{"name":"(anonymous_23)","decl":{"start":{"line":355,"column":28},"end":{"line":355,"column":29}},"loc":{"start":{"line":355,"column":47},"end":{"line":385,"column":23}}},"23":{"name":"(anonymous_24)","decl":{"start":{"line":362,"column":40},"end":{"line":362,"column":43}},"loc":{"start":{"line":362,"column":46},"end":{"line":362,"column":71}}},"24":{"name":"(anonymous_25)","decl":{"start":{"line":388,"column":33},"end":{"line":388,"column":36}},"loc":{"start":{"line":388,"column":39},"end":{"line":388,"column":59}}}},"branchMap":{"0":{"loc":{"start":{"line":40,"column":2},"end":{"line":44,"column":3}},"type":"if","locations":[{"start":{"line":40,"column":2},"end":{"line":44,"column":3}},{"start":{},"end":{}}]},"1":{"loc":{"start":{"line":50,"column":4},"end":{"line":53,"column":5}},"type":"if","locations":[{"start":{"line":50,"column":4},"end":{"line":53,"column":5}},{"start":{},"end":{}}]},"2":{"loc":{"start":{"line":55,"column":4},"end":{"line":68,"column":5}},"type":"if","locations":[{"start":{"line":55,"column":4},"end":{"line":68,"column":5}},{"start":{},"end":{}}]},"3":{"loc":{"start":{"line":65,"column":24},"end":{"line":65,"column":79}},"type":"binary-expr","locations":[{"start":{"line":65,"column":24},"end":{"line":65,"column":53}},{"start":{"line":65,"column":57},"end":{"line":65,"column":79}}]},"4":{"loc":{"start":{"line":74,"column":4},"end":{"line":77,"column":5}},"type":"if","locations":[{"start":{"line":74,"column":4},"end":{"line":77,"column":5}},{"start":{},"end":{}}]},"5":{"loc":{"start":{"line":84,"column":10},"end":{"line":86,"column":27}},"type":"cond-expr","locations":[{"start":{"line":85,"column":14},"end":{"line":85,"column":31}},{"start":{"line":86,"column":14},"end":{"line":86,"column":27}}]},"6":{"loc":{"start":{"line":101,"column":4},"end":{"line":104,"column":5}},"type":"if","locations":[{"start":{"line":101,"column":4},"end":{"line":104,"column":5}},{"start":{},"end":{}}]},"7":{"loc":{"start":{"line":108,"column":6},"end":{"line":114,"column":7}},"type":"if","locations":[{"start":{"line":108,"column":6},"end":{"line":114,"column":7}},{"start":{},"end":{}}]},"8":{"loc":{"start":{"line":108,"column":10},"end":{"line":108,"column":65}},"type":"binary-expr","locations":[{"start":{"line":108,"column":10},"end":{"line":108,"column":33}},{"start":{"line":108,"column":37},"end":{"line":108,"column":65}}]},"9":{"loc":{"start":{"line":124,"column":6},"end":{"line":130,"column":7}},"type":"if","locations":[{"start":{"line":124,"column":6},"end":{"line":130,"column":7}},{"start":{},"end":{}}]},"10":{"loc":{"start":{"line":125,"column":8},"end":{"line":129,"column":9}},"type":"if","locations":[{"start":{"line":125,"column":8},"end":{"line":129,"column":9}},{"start":{"line":127,"column":15},"end":{"line":129,"column":9}}]},"11":{"loc":{"start":{"line":145,"column":4},"end":{"line":148,"column":5}},"type":"if","locations":[{"start":{"line":145,"column":4},"end":{"line":148,"column":5}},{"start":{},"end":{}}]},"12":{"loc":{"start":{"line":152,"column":6},"end":{"line":158,"column":7}},"type":"if","locations":[{"start":{"line":152,"column":6},"end":{"line":158,"column":7}},{"start":{},"end":{}}]},"13":{"loc":{"start":{"line":179,"column":4},"end":{"line":182,"column":5}},"type":"if","locations":[{"start":{"line":179,"column":4},"end":{"line":182,"column":5}},{"start":{},"end":{}}]},"14":{"loc":{"start":{"line":196,"column":4},"end":{"line":200,"column":5}},"type":"if","locations":[{"start":{"line":196,"column":4},"end":{"line":200,"column":5}},{"start":{"line":198,"column":11},"end":{"line":200,"column":5}}]},"15":{"loc":{"start":{"line":209,"column":6},"end":{"line":214,"column":7}},"type":"if","locations":[{"start":{"line":209,"column":6},"end":{"line":214,"column":7}},{"start":{"line":211,"column":13},"end":{"line":214,"column":7}}]},"16":{"loc":{"start":{"line":212,"column":24},"end":{"line":212,"column":79}},"type":"binary-expr","locations":[{"start":{"line":212,"column":24},"end":{"line":212,"column":53}},{"start":{"line":212,"column":57},"end":{"line":212,"column":79}}]},"17":{"loc":{"start":{"line":222,"column":4},"end":{"line":224,"column":5}},"type":"if","locations":[{"start":{"line":222,"column":4},"end":{"line":224,"column":5}},{"start":{},"end":{}}]},"18":{"loc":{"start":{"line":238,"column":9},"end":{"line":449,"column":null}},"type":"cond-expr","locations":[{"start":{"line":239,"column":10},"end":{"line":250,"column":null}},{"start":{"line":253,"column":10},"end":{"line":448,"column":null}}]},"19":{"loc":{"start":{"line":296,"column":31},"end":{"line":301,"column":null}},"type":"cond-expr","locations":[{"start":{"line":297,"column":32},"end":{"line":297,"column":78}},{"start":{"line":299,"column":32},"end":{"line":300,"column":null}}]},"20":{"loc":{"start":{"line":345,"column":19},"end":{"line":348,"column":null}},"type":"binary-expr","locations":[{"start":{"line":345,"column":19},"end":{"line":345,"column":33}},{"start":{"line":346,"column":20},"end":{"line":347,"column":null}}]},"21":{"loc":{"start":{"line":350,"column":19},"end":{"line":395,"column":null}},"type":"cond-expr","locations":[{"start":{"line":351,"column":20},"end":{"line":392,"column":null}},{"start":{"line":395,"column":20},"end":{"line":395,"column":74}}]},"22":{"loc":{"start":{"line":350,"column":19},"end":{"line":350,"column":64}},"type":"binary-expr","locations":[{"start":{"line":350,"column":19},"end":{"line":350,"column":34}},{"start":{"line":350,"column":38},"end":{"line":350,"column":64}}]},"23":{"loc":{"start":{"line":352,"column":24},"end":{"line":354,"column":74}},"type":"cond-expr","locations":[{"start":{"line":353,"column":26},"end":{"line":353,"column":41}},{"start":{"line":354,"column":26},"end":{"line":354,"column":74}}]},"24":{"loc":{"start":{"line":359,"column":101},"end":{"line":359,"column":177}},"type":"cond-expr","locations":[{"start":{"line":359,"column":129},"end":{"line":359,"column":157}},{"start":{"line":359,"column":160},"end":{"line":359,"column":177}}]},"25":{"loc":{"start":{"line":377,"column":31},"end":{"line":380,"column":null}},"type":"binary-expr","locations":[{"start":{"line":377,"column":31},"end":{"line":377,"column":48}},{"start":{"line":378,"column":32},"end":{"line":378,"column":null}}]},"26":{"loc":{"start":{"line":391,"column":25},"end":{"line":391,"column":72}},"type":"cond-expr","locations":[{"start":{"line":391,"column":35},"end":{"line":391,"column":49}},{"start":{"line":391,"column":52},"end":{"line":391,"column":72}}]},"27":{"loc":{"start":{"line":438,"column":21},"end":{"line":443,"column":null}},"type":"cond-expr","locations":[{"start":{"line":439,"column":22},"end":{"line":440,"column":null}},{"start":{"line":443,"column":22},"end":{"line":443,"column":45}}]}},"s":{"0":1,"1":1,"2":1,"3":1,"4":1,"5":1,"6":1,"7":1,"8":1,"9":1,"10":1,"11":1,"12":13,"13":13,"14":13,"15":13,"16":13,"17":13,"18":13,"19":13,"20":13,"21":13,"22":0,"23":13,"24":26,"25":13,"26":0,"27":0,"28":0,"29":0,"30":0,"31":0,"32":0,"33":0,"34":0,"35":0,"36":0,"37":0,"38":0,"39":0,"40":0,"41":13,"42":1,"43":1,"44":1,"45":1,"46":0,"47":0,"48":0,"49":0,"50":0,"51":0,"52":0,"53":0,"54":13,"55":2,"56":2,"57":2,"58":2,"59":0,"60":0,"61":0,"62":0,"63":0,"64":0,"65":0,"66":0,"67":0,"68":0,"69":0,"70":0,"71":0,"72":0,"73":0,"74":0,"75":0,"76":0,"77":13,"78":1,"79":1,"80":1,"81":1,"82":0,"83":0,"84":0,"85":0,"86":0,"87":0,"88":0,"89":0,"90":0,"91":0,"92":0,"93":0,"94":0,"95":13,"96":1,"97":1,"98":1,"99":1,"100":0,"101":0,"102":0,"103":0,"104":0,"105":13,"106":0,"107":0,"108":0,"109":0,"110":13,"111":0,"112":0,"113":0,"114":0,"115":0,"116":0,"117":0,"118":0,"119":0,"120":13,"121":8,"122":8,"123":0,"124":13,"125":9,"126":9,"127":0,"128":2,"129":1,"130":1,"131":0,"132":0,"133":0,"134":0,"135":1},"f":{"0":13,"1":0,"2":26,"3":0,"4":1,"5":0,"6":2,"7":0,"8":0,"9":1,"10":0,"11":0,"12":1,"13":0,"14":0,"15":8,"16":9,"17":0,"18":2,"19":1,"20":1,"21":0,"22":0,"23":0,"24":0},"b":{"0":[13,0],"1":[0,0],"2":[0,0],"3":[0,0],"4":[1,0],"5":[0,0],"6":[2,0],"7":[0,0],"8":[0,0],"9":[0,0],"10":[0,0],"11":[1,0],"12":[0,0],"13":[1,0],"14":[0,0],"15":[0,0],"16":[0,0],"17":[0,8],"18":[4,9],"19":[0,9],"20":[9,0],"21":[0,9],"22":[9,9],"23":[0,0],"24":[0,0],"25":[0,0],"26":[0,0],"27":[0,9]}}
,"C:\\Users\\sathi\\Luxe-App\\src\\screens\\Contact.tsx": {"path":"C:\\Users\\sathi\\Luxe-App\\src\\screens\\Contact.tsx","statementMap":{"0":{"start":{"line":1,"column":0},"end":{"line":1,"column":41}},"1":{"start":{"line":2,"column":0},"end":{"line":2,"column":42}},"2":{"start":{"line":3,"column":0},"end":{"line":3,"column":45}},"3":{"start":{"line":4,"column":0},"end":{"line":4,"column":40}},"4":{"start":{"line":5,"column":0},"end":{"line":5,"column":44}},"5":{"start":{"line":8,"column":2},"end":{"line":95,"column":4}},"6":{"start":{"line":98,"column":0},"end":{"line":98,"column":23}}},"fnMap":{"0":{"name":"Contact","decl":{"start":{"line":7,"column":9},"end":{"line":7,"column":16}},"loc":{"start":{"line":7,"column":16},"end":{"line":96,"column":1}}}},"branchMap":{},"s":{"0":1,"1":1,"2":1,"3":1,"4":1,"5":1,"6":1},"f":{"0":1},"b":{}}
,"C:\\Users\\sathi\\Luxe-App\\src\\screens\\OrderDetails.tsx": {"path":"C:\\Users\\sathi\\Luxe-App\\src\\screens\\OrderDetails.tsx","statementMap":{"0":{"start":{"line":1,"column":0},"end":{"line":1,"column":44}},"1":{"start":{"line":2,"column":0},"end":{"line":2,"column":51}},"2":{"start":{"line":4,"column":0},"end":{"line":4,"column":56}},"3":{"start":{"line":5,"column":0},"end":{"line":5,"column":39}},"4":{"start":{"line":8,"column":22},"end":{"line":8,"column":33}},"5":{"start":{"line":10,"column":38},"end":{"line":10,"column":64}},"6":{"start":{"line":11,"column":32},"end":{"line":11,"column":56}},"7":{"start":{"line":13,"column":26},"end":{"line":25,"column":3}},"8":{"start":{"line":14,"column":4},"end":{"line":24,"column":5}},"9":{"start":{"line":15,"column":6},"end":{"line":15,"column":23}},"10":{"start":{"line":17,"column":19},"end":{"line":17,"column":59}},"11":{"start":{"line":18,"column":6},"end":{"line":18,"column":26}},"12":{"start":{"line":20,"column":22},"end":{"line":20,"column":77}},"13":{"start":{"line":21,"column":6},"end":{"line":21,"column":27}},"14":{"start":{"line":23,"column":6},"end":{"line":23,"column":24}},"15":{"start":{"line":27,"column":2},"end":{"line":29,"column":9}},"16":{"start":{"line":28,"column":4},"end":{"line":28,"column":22}},"17":{"start":{"line":31,"column":19},"end":{"line":31,"column":77}},"18":{"start":{"line":31,"column":52},"end":{"line":31,"column":73}},"19":{"start":{"line":33,"column":2},"end":{"line":102,"column":4}},"20":{"start":{"line":48,"column":12},"end":{"line":49,"column":null}},"21":{"start":{"line":105,"column":0},"end":{"line":105,"column":28}}},"fnMap":{"0":{"name":"OrderDetails","decl":{"start":{"line":7,"column":9},"end":{"line":7,"column":21}},"loc":{"start":{"line":7,"column":21},"end":{"line":103,"column":1}}},"1":{"name":"(anonymous_1)","decl":{"start":{"line":13,"column":26},"end":{"line":13,"column":31}},"loc":{"start":{"line":13,"column":37},"end":{"line":25,"column":3}}},"2":{"name":"(anonymous_2)","decl":{"start":{"line":27,"column":12},"end":{"line":27,"column":15}},"loc":{"start":{"line":27,"column":17},"end":{"line":29,"column":3}}},"3":{"name":"(anonymous_3)","decl":{"start":{"line":31,"column":37},"end":{"line":31,"column":38}},"loc":{"start":{"line":31,"column":52},"end":{"line":31,"column":73}}},"4":{"name":"(anonymous_4)","decl":{"start":{"line":47,"column":26},"end":{"line":47,"column":27}},"loc":{"start":{"line":48,"column":12},"end":{"line":49,"column":null}}}},"branchMap":{"0":{"loc":{"start":{"line":20,"column":22},"end":{"line":20,"column":77}},"type":"binary-expr","locations":[{"start":{"line":20,"column":22},"end":{"line":20,"column":51}},{"start":{"line":20,"column":55},"end":{"line":20,"column":77}}]},"1":{"loc":{"start":{"line":37,"column":7},"end":{"line":40,"column":null}},"type":"binary-expr","locations":[{"start":{"line":37,"column":7},"end":{"line":37,"column":14}},{"start":{"line":38,"column":8},"end":{"line":39,"column":null}}]}},"s":{"0":1,"1":1,"2":1,"3":1,"4":3,"5":3,"6":3,"7":3,"8":1,"9":1,"10":1,"11":1,"12":0,"13":0,"14":1,"15":3,"16":1,"17":3,"18":1,"19":3,"20":1,"21":1},"f":{"0":3,"1":1,"2":1,"3":1,"4":1},"b":{"0":[0,0],"1":[3,1]}}
,"C:\\Users\\sathi\\Luxe-App\\src\\screens\\Orders.tsx": {"path":"C:\\Users\\sathi\\Luxe-App\\src\\screens\\Orders.tsx","statementMap":{"0":{"start":{"line":1,"column":0},"end":{"line":1,"column":40}},"1":{"start":{"line":2,"column":0},"end":{"line":2,"column":43}},"2":{"start":{"line":3,"column":0},"end":{"line":3,"column":44}},"3":{"start":{"line":4,"column":0},"end":{"line":4,"column":39}},"4":{"start":{"line":5,"column":0},"end":{"line":5,"column":32}},"5":{"start":{"line":6,"column":0},"end":{"line":6,"column":51}},"6":{"start":{"line":10,"column":30},"end":{"line":10,"column":54}},"7":{"start":{"line":11,"column":44},"end":{"line":11,"column":68}},"8":{"start":{"line":13,"column":22},"end":{"line":28,"column":3}},"9":{"start":{"line":14,"column":4},"end":{"line":14,"column":27}},"10":{"start":{"line":15,"column":4},"end":{"line":27,"column":5}},"11":{"start":{"line":16,"column":19},"end":{"line":16,"column":39}},"12":{"start":{"line":17,"column":6},"end":{"line":17,"column":22}},"13":{"start":{"line":19,"column":6},"end":{"line":24,"column":7}},"14":{"start":{"line":20,"column":8},"end":{"line":20,"column":22}},"15":{"start":{"line":22,"column":24},"end":{"line":22,"column":79}},"16":{"start":{"line":23,"column":8},"end":{"line":23,"column":29}},"17":{"start":{"line":26,"column":6},"end":{"line":26,"column":30}},"18":{"start":{"line":30,"column":2},"end":{"line":35,"column":9}},"19":{"start":{"line":31,"column":18},"end":{"line":31,"column":38}},"20":{"start":{"line":32,"column":4},"end":{"line":34,"column":5}},"21":{"start":{"line":33,"column":6},"end":{"line":33,"column":20}},"22":{"start":{"line":37,"column":2},"end":{"line":95,"column":4}},"23":{"start":{"line":49,"column":10},"end":{"line":49,"column":36}},"24":{"start":{"line":98,"column":0},"end":{"line":98,"column":22}}},"fnMap":{"0":{"name":"Orders","decl":{"start":{"line":9,"column":9},"end":{"line":9,"column":15}},"loc":{"start":{"line":9,"column":15},"end":{"line":96,"column":1}}},"1":{"name":"(anonymous_2)","decl":{"start":{"line":13,"column":22},"end":{"line":13,"column":27}},"loc":{"start":{"line":13,"column":33},"end":{"line":28,"column":3}}},"2":{"name":"(anonymous_3)","decl":{"start":{"line":30,"column":12},"end":{"line":30,"column":15}},"loc":{"start":{"line":30,"column":17},"end":{"line":35,"column":3}}},"3":{"name":"(anonymous_4)","decl":{"start":{"line":48,"column":19},"end":{"line":48,"column":20}},"loc":{"start":{"line":49,"column":10},"end":{"line":49,"column":36}}}},"branchMap":{"0":{"loc":{"start":{"line":19,"column":6},"end":{"line":24,"column":7}},"type":"if","locations":[{"start":{"line":19,"column":6},"end":{"line":24,"column":7}},{"start":{"line":21,"column":13},"end":{"line":24,"column":7}}]},"1":{"loc":{"start":{"line":22,"column":24},"end":{"line":22,"column":79}},"type":"binary-expr","locations":[{"start":{"line":22,"column":24},"end":{"line":22,"column":53}},{"start":{"line":22,"column":57},"end":{"line":22,"column":79}}]},"2":{"loc":{"start":{"line":32,"column":4},"end":{"line":34,"column":5}},"type":"if","locations":[{"start":{"line":32,"column":4},"end":{"line":34,"column":5}},{"start":{},"end":{}}]},"3":{"loc":{"start":{"line":41,"column":7},"end":{"line":44,"column":null}},"type":"binary-expr","locations":[{"start":{"line":41,"column":7},"end":{"line":41,"column":20}},{"start":{"line":42,"column":8},"end":{"line":43,"column":null}}]},"4":{"loc":{"start":{"line":47,"column":7},"end":{"line":92,"column":null}},"type":"cond-expr","locations":[{"start":{"line":48,"column":8},"end":{"line":75,"column":10}},{"start":{"line":77,"column":8},"end":{"line":91,"column":null}}]},"5":{"loc":{"start":{"line":47,"column":7},"end":{"line":47,"column":42}},"type":"binary-expr","locations":[{"start":{"line":47,"column":7},"end":{"line":47,"column":24}},{"start":{"line":47,"column":28},"end":{"line":47,"column":42}}]}},"s":{"0":1,"1":1,"2":1,"3":1,"4":1,"5":1,"6":1,"7":1,"8":1,"9":0,"10":0,"11":0,"12":0,"13":0,"14":0,"15":0,"16":0,"17":0,"18":1,"19":1,"20":1,"21":0,"22":1,"23":0,"24":1},"f":{"0":1,"1":0,"2":1,"3":0},"b":{"0":[0,0],"1":[0,0],"2":[0,1],"3":[1,0],"4":[0,1],"5":[1,0]}}
,"C:\\Users\\sathi\\Luxe-App\\src\\screens\\SearchResults.tsx": {"path":"C:\\Users\\sathi\\Luxe-App\\src\\screens\\SearchResults.tsx","statementMap":{"0":{"start":{"line":1,"column":0},"end":{"line":1,"column":51}},"1":{"start":{"line":3,"column":0},"end":{"line":3,"column":44}},"2":{"start":{"line":4,"column":0},"end":{"line":4,"column":55}},"3":{"start":{"line":6,"column":0},"end":{"line":6,"column":55}},"4":{"start":{"line":7,"column":0},"end":{"line":7,"column":57}},"5":{"start":{"line":8,"column":0},"end":{"line":8,"column":51}},"6":{"start":{"line":9,"column":0},"end":{"line":9,"column":39}},"7":{"start":{"line":10,"column":0},"end":{"line":10,"column":75}},"8":{"start":{"line":11,"column":0},"end":{"line":11,"column":39}},"9":{"start":{"line":12,"column":0},"end":{"line":12,"column":43}},"10":{"start":{"line":14,"column":25},"end":{"line":21,"column":2}},"11":{"start":{"line":24,"column":19},"end":{"line":24,"column":32}},"12":{"start":{"line":25,"column":19},"end":{"line":25,"column":36}},"13":{"start":{"line":26,"column":16},"end":{"line":26,"column":31}},"14":{"start":{"line":27,"column":34},"end":{"line":27,"column":57}},"15":{"start":{"line":28,"column":28},"end":{"line":28,"column":48}},"16":{"start":{"line":29,"column":50},"end":{"line":29,"column":79}},"17":{"start":{"line":30,"column":32},"end":{"line":30,"column":56}},"18":{"start":{"line":32,"column":15},"end":{"line":32,"column":60}},"19":{"start":{"line":32,"column":49},"end":{"line":32,"column":59}},"20":{"start":{"line":34,"column":32},"end":{"line":56,"column":3}},"21":{"start":{"line":35,"column":4},"end":{"line":35,"column":21}},"22":{"start":{"line":36,"column":4},"end":{"line":36,"column":17}},"23":{"start":{"line":37,"column":4},"end":{"line":37,"column":20}},"24":{"start":{"line":38,"column":4},"end":{"line":55,"column":5}},"25":{"start":{"line":39,"column":6},"end":{"line":39,"column":25}},"26":{"start":{"line":39,"column":18},"end":{"line":39,"column":25}},"27":{"start":{"line":41,"column":19},"end":{"line":41,"column":49}},"28":{"start":{"line":42,"column":27},"end":{"line":45,"column":null}},"29":{"start":{"line":44,"column":10},"end":{"line":44,"column":48}},"30":{"start":{"line":48,"column":6},"end":{"line":48,"column":32}},"31":{"start":{"line":50,"column":22},"end":{"line":50,"column":77}},"32":{"start":{"line":51,"column":6},"end":{"line":51,"column":27}},"33":{"start":{"line":52,"column":6},"end":{"line":52,"column":24}},"34":{"start":{"line":54,"column":6},"end":{"line":54,"column":24}},"35":{"start":{"line":58,"column":2},"end":{"line":62,"column":14}},"36":{"start":{"line":59,"column":4},"end":{"line":61,"column":5}},"37":{"start":{"line":60,"column":6},"end":{"line":60,"column":30}},"38":{"start":{"line":64,"column":26},"end":{"line":71,"column":3}},"39":{"start":{"line":65,"column":4},"end":{"line":65,"column":43}},"40":{"start":{"line":66,"column":4},"end":{"line":70,"column":5}},"41":{"start":{"line":67,"column":6},"end":{"line":67,"column":54}},"42":{"start":{"line":69,"column":6},"end":{"line":69,"column":32}},"43":{"start":{"line":73,"column":2},"end":{"line":73,"column":21}},"44":{"start":{"line":74,"column":2},"end":{"line":74,"column":24}},"45":{"start":{"line":76,"column":2},"end":{"line":111,"column":4}},"46":{"start":{"line":101,"column":12},"end":{"line":102,"column":null}},"47":{"start":{"line":114,"column":0},"end":{"line":114,"column":29}}},"fnMap":{"0":{"name":"SearchResults","decl":{"start":{"line":23,"column":9},"end":{"line":23,"column":22}},"loc":{"start":{"line":23,"column":22},"end":{"line":112,"column":1}}},"1":{"name":"(anonymous_2)","decl":{"start":{"line":32,"column":27},"end":{"line":32,"column":28}},"loc":{"start":{"line":32,"column":49},"end":{"line":32,"column":59}}},"2":{"name":"(anonymous_3)","decl":{"start":{"line":34,"column":32},"end":{"line":34,"column":37}},"loc":{"start":{"line":34,"column":43},"end":{"line":56,"column":3}}},"3":{"name":"(anonymous_4)","decl":{"start":{"line":43,"column":17},"end":{"line":43,"column":18}},"loc":{"start":{"line":43,"column":23},"end":{"line":45,"column":9}}},"4":{"name":"(anonymous_5)","decl":{"start":{"line":58,"column":12},"end":{"line":58,"column":15}},"loc":{"start":{"line":58,"column":17},"end":{"line":62,"column":3}}},"5":{"name":"(anonymous_6)","decl":{"start":{"line":64,"column":26},"end":{"line":64,"column":31}},"loc":{"start":{"line":64,"column":49},"end":{"line":71,"column":3}}},"6":{"name":"(anonymous_7)","decl":{"start":{"line":100,"column":24},"end":{"line":100,"column":25}},"loc":{"start":{"line":101,"column":12},"end":{"line":102,"column":null}}}},"branchMap":{"0":{"loc":{"start":{"line":39,"column":6},"end":{"line":39,"column":25}},"type":"if","locations":[{"start":{"line":39,"column":6},"end":{"line":39,"column":25}},{"start":{},"end":{}}]},"1":{"loc":{"start":{"line":50,"column":22},"end":{"line":50,"column":77}},"type":"binary-expr","locations":[{"start":{"line":50,"column":22},"end":{"line":50,"column":51}},{"start":{"line":50,"column":55},"end":{"line":50,"column":77}}]},"2":{"loc":{"start":{"line":59,"column":4},"end":{"line":61,"column":5}},"type":"if","locations":[{"start":{"line":59,"column":4},"end":{"line":61,"column":5}},{"start":{},"end":{}}]},"3":{"loc":{"start":{"line":78,"column":7},"end":{"line":81,"column":null}},"type":"binary-expr","locations":[{"start":{"line":78,"column":7},"end":{"line":78,"column":14}},{"start":{"line":79,"column":8},"end":{"line":80,"column":null}}]},"4":{"loc":{"start":{"line":84,"column":7},"end":{"line":90,"column":null}},"type":"binary-expr","locations":[{"start":{"line":84,"column":7},"end":{"line":84,"column":15}},{"start":{"line":84,"column":19},"end":{"line":84,"column":24}},{"start":{"line":85,"column":8},"end":{"line":89,"column":null}}]},"5":{"loc":{"start":{"line":92,"column":7},"end":{"line":108,"column":null}},"type":"binary-expr","locations":[{"start":{"line":92,"column":7},"end":{"line":92,"column":15}},{"start":{"line":92,"column":19},"end":{"line":92,"column":25}},{"start":{"line":92,"column":29},"end":{"line":92,"column":48}},{"start":{"line":93,"column":8},"end":{"line":107,"column":null}}]}},"s":{"0":1,"1":1,"2":1,"3":1,"4":1,"5":1,"6":1,"7":1,"8":1,"9":1,"10":1,"11":3,"12":3,"13":3,"14":3,"15":3,"16":3,"17":3,"18":3,"19":4,"20":3,"21":1,"22":1,"23":1,"24":1,"25":1,"26":0,"27":1,"28":1,"29":1,"30":1,"31":0,"32":0,"33":0,"34":1,"35":3,"36":1,"37":1,"38":3,"39":0,"40":0,"41":0,"42":0,"43":3,"44":3,"45":3,"46":1,"47":1},"f":{"0":3,"1":4,"2":1,"3":1,"4":1,"5":0,"6":1},"b":{"0":[0,1],"1":[0,0],"2":[1,0],"3":[3,1],"4":[3,2,0],"5":[3,2,2,1]}}
,"C:\\Users\\sathi\\Luxe-App\\src\\screens\\Shop.tsx": {"path":"C:\\Users\\sathi\\Luxe-App\\src\\screens\\Shop.tsx","statementMap":{"0":{"start":{"line":1,"column":0},"end":{"line":1,"column":52}},"1":{"start":{"line":2,"column":0},"end":{"line":2,"column":39}},"2":{"start":{"line":3,"column":0},"end":{"line":3,"column":44}},"3":{"start":{"line":4,"column":0},"end":{"line":4,"column":34}},"4":{"start":{"line":5,"column":0},"end":{"line":5,"column":79}},"5":{"start":{"line":6,"column":0},"end":{"line":6,"column":51}},"6":{"start":{"line":7,"column":0},"end":{"line":7,"column":57}},"7":{"start":{"line":8,"column":0},"end":{"line":8,"column":33}},"8":{"start":{"line":9,"column":0},"end":{"line":9,"column":55}},"9":{"start":{"line":12,"column":0},"end":{"line":12,"column":55}},"10":{"start":{"line":13,"column":0},"end":{"line":13,"column":55}},"11":{"start":{"line":14,"column":0},"end":{"line":14,"column":58}},"12":{"start":{"line":16,"column":25},"end":{"line":24,"column":2}},"13":{"start":{"line":27,"column":27},"end":{"line":27,"column":38}},"14":{"start":{"line":28,"column":19},"end":{"line":28,"column":45}},"15":{"start":{"line":29,"column":19},"end":{"line":29,"column":32}},"16":{"start":{"line":31,"column":42},"end":{"line":32,"column":null}},"17":{"start":{"line":32,"column":26},"end":{"line":32,"column":42}},"18":{"start":{"line":35,"column":50},"end":{"line":35,"column":79}},"19":{"start":{"line":37,"column":57},"end":{"line":38,"column":null}},"20":{"start":{"line":38,"column":26},"end":{"line":38,"column":40}},"21":{"start":{"line":41,"column":15},"end":{"line":41,"column":60}},"22":{"start":{"line":41,"column":49},"end":{"line":41,"column":59}},"23":{"start":{"line":43,"column":2},"end":{"line":50,"column":31}},"24":{"start":{"line":44,"column":4},"end":{"line":44,"column":30}},"25":{"start":{"line":45,"column":4},"end":{"line":49,"column":5}},"26":{"start":{"line":46,"column":6},"end":{"line":46,"column":62}},"27":{"start":{"line":48,"column":6},"end":{"line":48,"column":33}},"28":{"start":{"line":52,"column":26},"end":{"line":59,"column":3}},"29":{"start":{"line":53,"column":4},"end":{"line":53,"column":43}},"30":{"start":{"line":54,"column":4},"end":{"line":58,"column":5}},"31":{"start":{"line":55,"column":6},"end":{"line":55,"column":54}},"32":{"start":{"line":57,"column":6},"end":{"line":57,"column":32}},"33":{"start":{"line":61,"column":2},"end":{"line":157,"column":4}},"34":{"start":{"line":80,"column":14},"end":{"line":81,"column":null}},"35":{"start":{"line":92,"column":29},"end":{"line":92,"column":46}},"36":{"start":{"line":99,"column":14},"end":{"line":107,"column":null}},"37":{"start":{"line":105,"column":31},"end":{"line":105,"column":73}},"38":{"start":{"line":130,"column":14},"end":{"line":131,"column":null}},"39":{"start":{"line":148,"column":17},"end":{"line":148,"column":null}},"40":{"start":{"line":149,"column":17},"end":{"line":149,"column":null}},"41":{"start":{"line":160,"column":0},"end":{"line":160,"column":20}}},"fnMap":{"0":{"name":"Shop","decl":{"start":{"line":26,"column":9},"end":{"line":26,"column":13}},"loc":{"start":{"line":26,"column":13},"end":{"line":158,"column":1}}},"1":{"name":"(anonymous_2)","decl":{"start":{"line":32,"column":4},"end":{"line":32,"column":5}},"loc":{"start":{"line":32,"column":26},"end":{"line":32,"column":42}}},"2":{"name":"(anonymous_3)","decl":{"start":{"line":38,"column":4},"end":{"line":38,"column":5}},"loc":{"start":{"line":38,"column":26},"end":{"line":38,"column":40}}},"3":{"name":"(anonymous_4)","decl":{"start":{"line":41,"column":27},"end":{"line":41,"column":28}},"loc":{"start":{"line":41,"column":49},"end":{"line":41,"column":59}}},"4":{"name":"(anonymous_5)","decl":{"start":{"line":43,"column":12},"end":{"line":43,"column":15}},"loc":{"start":{"line":43,"column":17},"end":{"line":50,"column":3}}},"5":{"name":"(anonymous_6)","decl":{"start":{"line":52,"column":26},"end":{"line":52,"column":31}},"loc":{"start":{"line":52,"column":49},"end":{"line":59,"column":3}}},"6":{"name":"(anonymous_7)","decl":{"start":{"line":79,"column":43},"end":{"line":79,"column":44}},"loc":{"start":{"line":80,"column":14},"end":{"line":81,"column":null}}},"7":{"name":"(anonymous_8)","decl":{"start":{"line":92,"column":23},"end":{"line":92,"column":26}},"loc":{"start":{"line":92,"column":29},"end":{"line":92,"column":46}}},"8":{"name":"(anonymous_9)","decl":{"start":{"line":98,"column":28},"end":{"line":98,"column":29}},"loc":{"start":{"line":99,"column":14},"end":{"line":107,"column":null}}},"9":{"name":"(anonymous_10)","decl":{"start":{"line":105,"column":25},"end":{"line":105,"column":28}},"loc":{"start":{"line":105,"column":31},"end":{"line":105,"column":73}}},"10":{"name":"(anonymous_11)","decl":{"start":{"line":129,"column":26},"end":{"line":129,"column":27}},"loc":{"start":{"line":130,"column":14},"end":{"line":131,"column":null}}},"11":{"name":"(anonymous_12)","decl":{"start":{"line":147,"column":25},"end":{"line":147,"column":26}},"loc":{"start":{"line":147,"column":33},"end":{"line":150,"column":16}}}},"branchMap":{"0":{"loc":{"start":{"line":45,"column":4},"end":{"line":49,"column":5}},"type":"if","locations":[{"start":{"line":45,"column":4},"end":{"line":49,"column":5}},{"start":{"line":47,"column":11},"end":{"line":49,"column":5}}]},"1":{"loc":{"start":{"line":77,"column":9},"end":{"line":112,"column":null}},"type":"cond-expr","locations":[{"start":{"line":78,"column":10},"end":{"line":86,"column":null}},{"start":{"line":89,"column":10},"end":{"line":111,"column":null}}]},"2":{"loc":{"start":{"line":91,"column":25},"end":{"line":91,"column":73}},"type":"cond-expr","locations":[{"start":{"line":91,"column":41},"end":{"line":91,"column":58}},{"start":{"line":91,"column":61},"end":{"line":91,"column":73}}]},"3":{"loc":{"start":{"line":101,"column":18},"end":{"line":103,"column":34}},"type":"cond-expr","locations":[{"start":{"line":102,"column":22},"end":{"line":102,"column":39}},{"start":{"line":103,"column":22},"end":{"line":103,"column":34}}]},"4":{"loc":{"start":{"line":115,"column":9},"end":{"line":118,"column":null}},"type":"binary-expr","locations":[{"start":{"line":115,"column":9},"end":{"line":115,"column":18}},{"start":{"line":116,"column":10},"end":{"line":117,"column":null}}]},"5":{"loc":{"start":{"line":121,"column":9},"end":{"line":137,"column":null}},"type":"binary-expr","locations":[{"start":{"line":121,"column":9},"end":{"line":121,"column":28}},{"start":{"line":122,"column":10},"end":{"line":136,"column":null}}]},"6":{"loc":{"start":{"line":141,"column":9},"end":{"line":151,"column":null}},"type":"binary-expr","locations":[{"start":{"line":141,"column":9},"end":{"line":141,"column":22}},{"start":{"line":141,"column":26},"end":{"line":151,"column":null}}]}},"s":{"0":1,"1":1,"2":1,"3":1,"4":1,"5":1,"6":1,"7":1,"8":1,"9":1,"10":1,"11":1,"12":1,"13":9,"14":9,"15":9,"16":9,"17":9,"18":9,"19":9,"20":9,"21":9,"22":9,"23":9,"24":9,"25":9,"26":3,"27":6,"28":9,"29":0,"30":0,"31":0,"32":0,"33":9,"34":6,"35":1,"36":8,"37":1,"38":9,"39":1,"40":1,"41":1},"f":{"0":9,"1":9,"2":9,"3":9,"4":9,"5":0,"6":6,"7":1,"8":8,"9":1,"10":9,"11":1},"b":{"0":[3,6],"1":[1,8],"2":[5,3],"3":[3,5],"4":[9,1],"5":[9,9],"6":[9,6]}}
,"C:\\Users\\sathi\\Luxe-App\\src\\screens\\auth\\ForgotPassword.tsx": {"path":"C:\\Users\\sathi\\Luxe-App\\src\\screens\\auth\\ForgotPassword.tsx","statementMap":{"0":{"start":{"line":1,"column":0},"end":{"line":1,"column":44}},"1":{"start":{"line":2,"column":0},"end":{"line":2,"column":38}},"2":{"start":{"line":3,"column":0},"end":{"line":3,"column":27}},"3":{"start":{"line":4,"column":0},"end":{"line":4,"column":30}},"4":{"start":{"line":5,"column":0},"end":{"line":5,"column":47}},"5":{"start":{"line":6,"column":0},"end":{"line":6,"column":39}},"6":{"start":{"line":7,"column":0},"end":{"line":7,"column":null}},"7":{"start":{"line":13,"column":0},"end":{"line":13,"column":61}},"8":{"start":{"line":29,"column":30},"end":{"line":29,"column":50}},"9":{"start":{"line":30,"column":28},"end":{"line":30,"column":49}},"10":{"start":{"line":31,"column":36},"end":{"line":31,"column":60}},"11":{"start":{"line":32,"column":19},"end":{"line":32,"column":32}},"12":{"start":{"line":34,"column":26},"end":{"line":34,"column":45}},"13":{"start":{"line":35,"column":34},"end":{"line":35,"column":58}},"14":{"start":{"line":37,"column":18},"end":{"line":37,"column":40}},"15":{"start":{"line":38,"column":18},"end":{"line":38,"column":28}},"16":{"start":{"line":40,"column":2},"end":{"line":51,"column":20}},"17":{"start":{"line":41,"column":4},"end":{"line":46,"column":5}},"18":{"start":{"line":42,"column":23},"end":{"line":44,"column":14}},"19":{"start":{"line":43,"column":8},"end":{"line":43,"column":37}},"20":{"start":{"line":43,"column":27},"end":{"line":43,"column":35}},"21":{"start":{"line":45,"column":6},"end":{"line":45,"column":43}},"22":{"start":{"line":45,"column":19},"end":{"line":45,"column":42}},"23":{"start":{"line":48,"column":4},"end":{"line":50,"column":5}},"24":{"start":{"line":49,"column":6},"end":{"line":49,"column":25}},"25":{"start":{"line":53,"column":22},"end":{"line":57,"column":4}},"26":{"start":{"line":59,"column":20},"end":{"line":63,"column":4}},"27":{"start":{"line":65,"column":25},"end":{"line":72,"column":4}},"28":{"start":{"line":74,"column":28},"end":{"line":94,"column":3}},"29":{"start":{"line":75,"column":4},"end":{"line":93,"column":5}},"30":{"start":{"line":76,"column":6},"end":{"line":76,"column":25}},"31":{"start":{"line":78,"column":23},"end":{"line":78,"column":37}},"32":{"start":{"line":79,"column":6},"end":{"line":79,"column":45}},"33":{"start":{"line":80,"column":23},"end":{"line":80,"column":56}},"34":{"start":{"line":81,"column":6},"end":{"line":81,"column":39}},"35":{"start":{"line":82,"column":6},"end":{"line":82,"column":26}},"36":{"start":{"line":84,"column":6},"end":{"line":84,"column":20}},"37":{"start":{"line":85,"column":6},"end":{"line":85,"column":57}},"38":{"start":{"line":87,"column":6},"end":{"line":87,"column":17}},"39":{"start":{"line":89,"column":22},"end":{"line":89,"column":77}},"40":{"start":{"line":90,"column":6},"end":{"line":90,"column":27}},"41":{"start":{"line":92,"column":6},"end":{"line":92,"column":26}},"42":{"start":{"line":96,"column":26},"end":{"line":114,"column":3}},"43":{"start":{"line":97,"column":4},"end":{"line":113,"column":5}},"44":{"start":{"line":98,"column":6},"end":{"line":98,"column":25}},"45":{"start":{"line":100,"column":23},"end":{"line":100,"column":37}},"46":{"start":{"line":101,"column":6},"end":{"line":101,"column":43}},"47":{"start":{"line":102,"column":6},"end":{"line":102,"column":35}},"48":{"start":{"line":103,"column":6},"end":{"line":103,"column":26}},"49":{"start":{"line":104,"column":6},"end":{"line":104,"column":20}},"50":{"start":{"line":105,"column":6},"end":{"line":105,"column":59}},"51":{"start":{"line":107,"column":6},"end":{"line":107,"column":17}},"52":{"start":{"line":109,"column":22},"end":{"line":109,"column":77}},"53":{"start":{"line":110,"column":6},"end":{"line":110,"column":27}},"54":{"start":{"line":112,"column":6},"end":{"line":112,"column":26}},"55":{"start":{"line":116,"column":26},"end":{"line":134,"column":3}},"56":{"start":{"line":117,"column":4},"end":{"line":133,"column":5}},"57":{"start":{"line":118,"column":6},"end":{"line":118,"column":25}},"58":{"start":{"line":120,"column":23},"end":{"line":120,"column":37}},"59":{"start":{"line":121,"column":6},"end":{"line":121,"column":41}},"60":{"start":{"line":122,"column":6},"end":{"line":122,"column":41}},"61":{"start":{"line":124,"column":6},"end":{"line":124,"column":35}},"62":{"start":{"line":126,"column":6},"end":{"line":126,"column":17}},"63":{"start":{"line":127,"column":6},"end":{"line":127,"column":49}},"64":{"start":{"line":129,"column":22},"end":{"line":129,"column":77}},"65":{"start":{"line":130,"column":6},"end":{"line":130,"column":27}},"66":{"start":{"line":132,"column":6},"end":{"line":132,"column":26}},"67":{"start":{"line":136,"column":28},"end":{"line":154,"column":3}},"68":{"start":{"line":137,"column":4},"end":{"line":153,"column":5}},"69":{"start":{"line":138,"column":6},"end":{"line":138,"column":25}},"70":{"start":{"line":140,"colu
[...]
mn":1}}},"6":{"name":"(anonymous_7)","decl":{"start":{"line":32,"column":28},"end":{"line":32,"column":29}},"loc":{"start":{"line":32,"column":47},"end":{"line":34,"column":1}}},"7":{"name":"(anonymous_8)","decl":{"start":{"line":36,"column":31},"end":{"line":36,"column":32}},"loc":{"start":{"line":36,"column":50},"end":{"line":38,"column":1}}},"8":{"name":"(anonymous_9)","decl":{"start":{"line":40,"column":29},"end":{"line":40,"column":30}},"loc":{"start":{"line":40,"column":48},"end":{"line":42,"column":1}}},"9":{"name":"(anonymous_10)","decl":{"start":{"line":44,"column":28},"end":{"line":44,"column":33}},"loc":{"start":{"line":44,"column":39},"end":{"line":47,"column":1}}},"10":{"name":"(anonymous_11)","decl":{"start":{"line":49,"column":29},"end":{"line":49,"column":null}},"loc":{"start":{"line":51,"column":4},"end":{"line":53,"column":1}}},"11":{"name":"(anonymous_12)","decl":{"start":{"line":55,"column":26},"end":{"line":55,"column":31}},"loc":{"start":{"line":55,"column":37},"end":{"line":58,"column":1}}},"12":{"name":"(anonymous_13)","decl":{"start":{"line":60,"column":34},"end":{"line":60,"column":39}},"loc":{"start":{"line":60,"column":45},"end":{"line":63,"column":1}}},"13":{"name":"(anonymous_14)","decl":{"start":{"line":65,"column":28},"end":{"line":65,"column":33}},"loc":{"start":{"line":65,"column":39},"end":{"line":68,"column":1}}},"14":{"name":"(anonymous_15)","decl":{"start":{"line":69,"column":31},"end":{"line":69,"column":36}},"loc":{"start":{"line":69,"column":42},"end":{"line":72,"column":1}}},"15":{"name":"(anonymous_16)","decl":{"start":{"line":74,"column":33},"end":{"line":74,"column":38}},"loc":{"start":{"line":74,"column":59},"end":{"line":77,"column":1}}},"16":{"name":"(anonymous_17)","decl":{"start":{"line":79,"column":33},"end":{"line":79,"column":38}},"loc":{"start":{"line":79,"column":64},"end":{"line":85,"column":1}}},"17":{"name":"(anonymous_18)","decl":{"start":{"line":87,"column":33},"end":{"line":87,"column":38}},"loc":{"start":{"line":87,"column":61},"end":{"line":90,"column":1}}},"18":{"name":"(anonymous_19)","decl":{"start":{"line":92,"column":27},"end":{"line":92,"column":28}},"loc":{"start":{"line":92,"column":56},"end":{"line":94,"column":1}}},"19":{"name":"(anonymous_20)","decl":{"start":{"line":96,"column":29},"end":{"line":96,"column":30}},"loc":{"start":{"line":96,"column":67},"end":{"line":102,"column":1}}},"20":{"name":"(anonymous_21)","decl":{"start":{"line":104,"column":26},"end":{"line":104,"column":27}},"loc":{"start":{"line":104,"column":45},"end":{"line":110,"column":1}}},"21":{"name":"(anonymous_22)","decl":{"start":{"line":112,"column":29},"end":{"line":112,"column":30}},"loc":{"start":{"line":112,"column":51},"end":{"line":118,"column":1}}},"22":{"name":"(anonymous_23)","decl":{"start":{"line":120,"column":30},"end":{"line":120,"column":31}},"loc":{"start":{"line":120,"column":71},"end":{"line":126,"column":1}}},"23":{"name":"(anonymous_24)","decl":{"start":{"line":128,"column":27},"end":{"line":128,"column":28}},"loc":{"start":{"line":128,"column":46},"end":{"line":134,"column":1}}},"24":{"name":"(anonymous_25)","decl":{"start":{"line":136,"column":30},"end":{"line":136,"column":31}},"loc":{"start":{"line":136,"column":55},"end":{"line":142,"column":1}}}},"branchMap":{"0":{"loc":{"start":{"line":80,"column":22},"end":{"line":80,"column":33}},"type":"binary-expr","locations":[{"start":{"line":80,"column":22},"end":{"line":80,"column":27}},{"start":{"line":80,"column":31},"end":{"line":80,"column":33}}]}},"s":{"0":4,"1":4,"2":4,"3":0,"4":4,"5":4,"6":0,"7":4,"8":4,"9":0,"10":4,"11":4,"12":0,"13":4,"14":4,"15":0,"16":4,"17":4,"18":0,"19":4,"20":4,"21":0,"22":4,"23":4,"24":0,"25":4,"26":4,"27":0,"28":4,"29":4,"30":0,"31":0,"32":4,"33":4,"34":0,"35":4,"36":4,"37":0,"38":0,"39":4,"40":4,"41":0,"42":0,"43":4,"44":4,"45":0,"46":0,"47":4,"48":4,"49":0,"50":0,"51":4,"52":4,"53":0,"54":0,"55":4,"56":4,"57":0,"58":0,"59":0,"60":4,"61":4,"62":0,"63":0,"64":4,"65":4,"66":0,"67":4,"68":4,"69":0,"70":4,"71":4,"72":0,"73":4,"74":4,"75":0,"76":4,"77":4,"78":0,"79":4,"80":4,"81":0,"82":4,"83":4,"84":0,"85":4},"f":{"0":0,"1":0,"2":0,"3":0,"4":0,"5":0,"6":0,"7":0,"8":0,"9":0,"10":0,"11":0,"12":0,"13":0,"14":0,"15":0,"16":0,"17":0,"18":0,"19":0,"20":0,"21":0,"22":0,"23":0,"24":0},"b":{"0":[0,0]}}
,"C:\\Users\\sathi\\Luxe-App\\src\\services\\axiosInstance.ts": {"path":"C:\\Users\\sathi\\Luxe-App\\src\\services\\axiosInstance.ts","statementMap":{"0":{"start":{"line":1,"column":0},"end":{"line":1,"column":26}},"1":{"start":{"line":2,"column":0},"end":{"line":2,"column":32}},"2":{"start":{"line":4,"column":12},"end":{"line":9,"column":2}},"3":{"start":{"line":11,"column":0},"end":{"line":21,"column":2}},"4":{"start":{"line":13,"column":18},"end":{"line":13,"column":38}},"5":{"start":{"line":14,"column":4},"end":{"line":16,"column":5}},"6":{"start":{"line":15,"column":6},"end":{"line":15,"column":55}},"7":{"start":{"line":17,"column":4},"end":{"line":17,"column":18}},"8":{"start":{"line":20,"column":13},"end":{"line":20,"column":34}},"9":{"start":{"line":23,"column":0},"end":{"line":41,"column":2}},"10":{"start":{"line":24,"column":16},"end":{"line":24,"column":24}},"11":{"start":{"line":26,"column":4},"end":{"line":30,"column":5}},"12":{"start":{"line":27,"column":6},"end":{"line":27,"column":30}},"13":{"start":{"line":28,"column":6},"end":{"line":28,"column":38}},"14":{"start":{"line":29,"column":6},"end":{"line":29,"column":35}},"15":{"start":{"line":31,"column":4},"end":{"line":33,"column":5}},"16":{"start":{"line":32,"column":6},"end":{"line":32,"column":35}},"17":{"start":{"line":35,"column":4},"end":{"line":37,"column":5}},"18":{"start":{"line":36,"column":6},"end":{"line":36,"column":74}},"19":{"start":{"line":39,"column":4},"end":{"line":39,"column":33}},"20":{"start":{"line":43,"column":0},"end":{"line":43,"column":19}}},"fnMap":{"0":{"name":"(anonymous_1)","decl":{"start":{"line":12,"column":2},"end":{"line":12,"column":3}},"loc":{"start":{"line":12,"column":13},"end":{"line":18,"column":3}}},"1":{"name":"(anonymous_2)","decl":{"start":{"line":20,"column":2},"end":{"line":20,"column":3}},"loc":{"start":{"line":20,"column":13},"end":{"line":20,"column":34}}},"2":{"name":"(anonymous_3)","decl":{"start":{"line":24,"column":2},"end":{"line":24,"column":3}},"loc":{"start":{"line":24,"column":16},"end":{"line":24,"column":24}}},"3":{"name":"(anonymous_4)","decl":{"start":{"line":25,"column":2},"end":{"line":25,"column":3}},"loc":{"start":{"line":25,"column":12},"end":{"line":40,"column":3}}}},"branchMap":{"0":{"loc":{"start":{"line":14,"column":4},"end":{"line":16,"column":5}},"type":"if","locations":[{"start":{"line":14,"column":4},"end":{"line":16,"column":5}},{"start":{},"end":{}}]},"1":{"loc":{"start":{"line":26,"column":4},"end":{"line":30,"column":5}},"type":"if","locations":[{"start":{"line":26,"column":4},"end":{"line":30,"column":5}},{"start":{},"end":{}}]},"2":{"loc":{"start":{"line":26,"column":8},"end":{"line":26,"column":72}},"type":"binary-expr","locations":[{"start":{"line":26,"column":8},"end":{"line":26,"column":38}},{"start":{"line":26,"column":42},"end":{"line":26,"column":72}}]},"3":{"loc":{"start":{"line":31,"column":4},"end":{"line":33,"column":5}},"type":"if","locations":[{"start":{"line":31,"column":4},"end":{"line":33,"column":5}},{"start":{},"end":{}}]},"4":{"loc":{"start":{"line":35,"column":4},"end":{"line":37,"column":5}},"type":"if","locations":[{"start":{"line":35,"column":4},"end":{"line":37,"column":5}},{"start":{},"end":{}}]}},"s":{"0":10,"1":10,"2":10,"3":10,"4":0,"5":0,"6":0,"7":0,"8":0,"9":10,"10":0,"11":0,"12":0,"13":0,"14":0,"15":0,"16":0,"17":0,"18":0,"19":0,"20":10},"f":{"0":0,"1":0,"2":0,"3":0},"b":{"0":[0,0],"1":[0,0],"2":[0,0],"3":[0,0],"4":[0,0]}}
,"C:\\Users\\sathi\\Luxe-App\\src\\utils\\authCookies.ts": {"path":"C:\\Users\\sathi\\Luxe-App\\src\\utils\\authCookies.ts","statementMap":{"0":{"start":{"line":1,"column":0},"end":{"line":1,"column":32}},"1":{"start":{"line":3,"column":24},"end":{"line":5,"column":1}},"2":{"start":{"line":4,"column":2},"end":{"line":4,"column":46}},"3":{"start":{"line":3,"column":13},"end":{"line":3,"column":24}},"4":{"start":{"line":7,"column":23},"end":{"line":9,"column":1}},"5":{"start":{"line":8,"column":2},"end":{"line":8,"column":52}},"6":{"start":{"line":7,"column":13},"end":{"line":7,"column":23}}},"fnMap":{"0":{"name":"(anonymous_1)","decl":{"start":{"line":3,"column":24},"end":{"line":3,"column":25}},"loc":{"start":{"line":3,"column":42},"end":{"line":5,"column":1}}},"1":{"name":"(anonymous_2)","decl":{"start":{"line":7,"column":23},"end":{"line":7,"column":24}},"loc":{"start":{"line":7,"column":44},"end":{"line":9,"column":1}}}},"branchMap":{},"s":{"0":1,"1":1,"2":0,"3":1,"4":1,"5":0,"6":1},"f":{"0":0,"1":0},"b":{}}
,"C:\\Users\\sathi\\Luxe-App\\src\\utils\\cardMapper.ts": {"path":"C:\\Users\\sathi\\Luxe-App\\src\\utils\\cardMapper.ts","statementMap":{"0":{"start":{"line":1,"column":34},"end":{"line":12,"column":1}},"1":{"start":{"line":2,"column":2},"end":{"line":11,"column":6}},"2":{"start":{"line":2,"column":29},"end":{"line":11,"column":4}},"3":{"start":{"line":1,"column":13},"end":{"line":1,"column":34}},"4":{"start":{"line":14,"column":30},"end":{"line":46,"column":1}},"5":{"start":{"line":15,"column":2},"end":{"line":45,"column":6}},"6":{"start":{"line":15,"column":32},"end":{"line":45,"column":4}},"7":{"start":{"line":14,"column":13},"end":{"line":14,"column":30}},"8":{"start":{"line":48,"column":32},"end":{"line":54,"column":1}},"9":{"start":{"line":49,"column":2},"end":{"line":53,"column":6}},"10":{"start":{"line":49,"column":32},"end":{"line":53,"column":4}},"11":{"start":{"line":48,"column":13},"end":{"line":48,"column":32}},"12":{"start":{"line":56,"column":32},"end":{"line":88,"column":1}},"13":{"start":{"line":57,"column":2},"end":{"line":87,"column":4}},"14":{"start":{"line":56,"column":13},"end":{"line":56,"column":32}},"15":{"start":{"line":90,"column":30},"end":{"line":100,"column":1}},"16":{"start":{"line":91,"column":2},"end":{"line":99,"column":6}},"17":{"start":{"line":91,"column":29},"end":{"line":99,"column":4}},"18":{"start":{"line":90,"column":13},"end":{"line":90,"column":30}},"19":{"start":{"line":102,"column":29},"end":{"line":114,"column":1}},"20":{"start":{"line":103,"column":2},"end":{"line":113,"column":6}},"21":{"start":{"line":103,"column":29},"end":{"line":113,"column":4}},"22":{"start":{"line":102,"column":13},"end":{"line":102,"column":29}},"23":{"start":{"line":116,"column":28},"end":{"line":128,"column":1}},"24":{"start":{"line":117,"column":2},"end":{"line":127,"column":6}},"25":{"start":{"line":117,"column":29},"end":{"line":127,"column":4}},"26":{"start":{"line":116,"column":13},"end":{"line":116,"column":28}},"27":{"start":{"line":130,"column":32},"end":{"line":142,"column":1}},"28":{"start":{"line":131,"column":2},"end":{"line":141,"column":6}},"29":{"start":{"line":131,"column":29},"end":{"line":141,"column":4}},"30":{"start":{"line":130,"column":13},"end":{"line":130,"column":32}}},"fnMap":{"0":{"name":"(anonymous_0)","decl":{"start":{"line":1,"column":34},"end":{"line":1,"column":35}},"loc":{"start":{"line":1,"column":50},"end":{"line":12,"column":1}}},"1":{"name":"(anonymous_1)","decl":{"start":{"line":2,"column":18},"end":{"line":2,"column":19}},"loc":{"start":{"line":2,"column":29},"end":{"line":11,"column":4}}},"2":{"name":"(anonymous_2)","decl":{"start":{"line":14,"column":30},"end":{"line":14,"column":31}},"loc":{"start":{"line":14,"column":46},"end":{"line":46,"column":1}}},"3":{"name":"(anonymous_3)","decl":{"start":{"line":15,"column":18},"end":{"line":15,"column":19}},"loc":{"start":{"line":15,"column":32},"end":{"line":45,"column":4}}},"4":{"name":"(anonymous_4)","decl":{"start":{"line":48,"column":32},"end":{"line":48,"column":33}},"loc":{"start":{"line":48,"column":48},"end":{"line":54,"column":1}}},"5":{"name":"(anonymous_5)","decl":{"start":{"line":49,"column":18},"end":{"line":49,"column":19}},"loc":{"start":{"line":49,"column":32},"end":{"line":53,"column":4}}},"6":{"name":"(anonymous_6)","decl":{"start":{"line":56,"column":32},"end":{"line":56,"column":33}},"loc":{"start":{"line":56,"column":49},"end":{"line":88,"column":1}}},"7":{"name":"(anonymous_7)","decl":{"start":{"line":90,"column":30},"end":{"line":90,"column":31}},"loc":{"start":{"line":90,"column":46},"end":{"line":100,"column":1}}},"8":{"name":"(anonymous_8)","decl":{"start":{"line":91,"column":18},"end":{"line":91,"column":19}},"loc":{"start":{"line":91,"column":29},"end":{"line":99,"column":4}}},"9":{"name":"(anonymous_9)","decl":{"start":{"line":102,"column":29},"end":{"line":102,"column":30}},"loc":{"start":{"line":102,"column":45},"end":{"line":114,"column":1}}},"10":{"name":"(anonymous_10)","decl":{"start":{"line":103,"column":18},"end":{"line":103,"column":19}},"loc":{"start":{"line":103,"column":29},"end":{"line":113,"column":4}}},"11":{"name":"(anonymous_11)","decl":{"start":{"line":116,"column":28},"end":{"line":116,"column":29}},"loc":{"start":{"line":116,"column":44},"end":{"line":128,"column":1}}},"12":{"name":"(anonymous_12)","decl":{"start":{"line":117,"column":18},"end":{"line":117,"column":19}},"loc":{"start":{"line":117,"column":29},"end":{"line":127,"column":4}}},"13":{"name":"(anonymous_13)","decl":{"start":{"line":130,"column":32},"end":{"line":130,"column":33}},"loc":{"start":{"line":130,"column":48},"end":{"line":142,"column":1}}},"14":{"name":"(anonymous_14)","decl":{"start":{"line":131,"column":18},"end":{"line":131,"column":19}},"loc":{"start":{"line":131,"column":29},"end":{"line":141,"column":4}}}},"branchMap":{},"s":{"0":10,"1":0,"2":0,"3":10,"4":10,"5":0,"6":0,"7":10,"8":10,"9":0,"10":0,"11":10,"12":10,"13":0,"14":10,"15":10,"16":0,"17":0,"18":10,"19":10,"20":0,"21":0,"22":10,"23":10,"24":0,"25":0,"26":10,"27":10,"28":0,"29":0,"30":10},"f":{"0":0,"1":0,"2":0,"3":0,"4":0,"5":0,"6":0,"7":0,"8":0,"9":0,"10":0,"11":0,"12":0,"13":0,"14":0},"b":{}}
,"C:\\Users\\sathi\\Luxe-App\\src\\utils\\cartHelper.ts": {"path":"C:\\Users\\sathi\\Luxe-App\\src\\utils\\cartHelper.ts","statementMap":{"0":{"start":{"line":1,"column":0},"end":{"line":1,"column":64}},"1":{"start":{"line":2,"column":0},"end":{"line":2,"column":45}},"2":{"start":{"line":3,"column":0},"end":{"line":3,"column":32}},"3":{"start":{"line":4,"column":0},"end":{"line":4,"column":47}},"4":{"start":{"line":7,"column":34},"end":{"line":37,"column":1}},"5":{"start":{"line":8,"column":2},"end":{"line":8,"column":49}},"6":{"start":{"line":10,"column":16},"end":{"line":10,"column":36}},"7":{"start":{"line":12,"column":2},"end":{"line":12,"column":21}},"8":{"start":{"line":12,"column":14},"end":{"line":12,"column":21}},"9":{"start":{"line":14,"column":2},"end":{"line":36,"column":3}},"10":{"start":{"line":15,"column":23},"end":{"line":15,"column":77}},"11":{"start":{"line":17,"column":4},"end":{"line":17,"column":28}},"12":{"start":{"line":19,"column":4},"end":{"line":27,"column":5}},"13":{"start":{"line":20,"column":22},"end":{"line":23,"column":9}},"14":{"start":{"line":20,"column":59},"end":{"line":23,"column":8}},"15":{"start":{"line":25,"column":6},"end":{"line":25,"column":35}},"16":{"start":{"line":26,"column":6},"end":{"line":26,"column":44}},"17":{"start":{"line":29,"column":17},"end":{"line":29,"column":35}},"18":{"start":{"line":30,"column":4},"end":{"line":30,"column":22}},"19":{"start":{"line":32,"column":4},"end":{"line":32,"column":28}},"20":{"start":{"line":35,"column":4},"end":{"line":35,"column":23}},"21":{"start":{"line":7,"column":13},"end":{"line":7,"column":34}},"22":{"start":{"line":39,"column":32},"end":{"line":75,"column":1}},"23":{"start":{"line":45,"column":16},"end":{"line":45,"column":36}},"24":{"start":{"line":47,"column":2},"end":{"line":50,"column":3}},"25":{"start":{"line":48,"column":4},"end":{"line":48,"column":47}},"26":{"start":{"line":49,"column":4},"end":{"line":49,"column":11}},"27":{"start":{"line":52,"column":23},"end":{"line":55,"column":5}},"28":{"start":{"line":52,"column":53},"end":{"line":55,"column":4}},"29":{"start":{"line":57,"column":19},"end":{"line":58,"column":null}},"30":{"start":{"line":58,"column":18},"end":{"line":58,"column":55}},"31":{"start":{"line":61,"column":2},"end":{"line":68,"column":3}},"32":{"start":{"line":62,"column":4},"end":{"line":62,"column":34}},"33":{"start":{"line":64,"column":4},"end":{"line":67,"column":7}},"34":{"start":{"line":70,"column":2},"end":{"line":70,"column":36}},"35":{"start":{"line":72,"column":18},"end":{"line":72,"column":36}},"36":{"start":{"line":74,"column":2},"end":{"line":74,"column":29}},"37":{"start":{"line":39,"column":13},"end":{"line":39,"column":32}}},"fnMap":{"0":{"name":"(anonymous_1)","decl":{"start":{"line":7,"column":34},"end":{"line":7,"column":39}},"loc":{"start":{"line":7,"column":58},"end":{"line":37,"column":1}}},"1":{"name":"(anonymous_2)","decl":{"start":{"line":20,"column":43},"end":{"line":20,"column":44}},"loc":{"start":{"line":20,"column":59},"end":{"line":23,"column":8}}},"2":{"name":"(anonymous_3)","decl":{"start":{"line":39,"column":32},"end":{"line":39,"column":37}},"loc":{"start":{"line":44,"column":4},"end":{"line":75,"column":1}}},"3":{"name":"(anonymous_4)","decl":{"start":{"line":52,"column":38},"end":{"line":52,"column":39}},"loc":{"start":{"line":52,"column":53},"end":{"line":55,"column":4}}},"4":{"name":"(anonymous_5)","decl":{"start":{"line":58,"column":4},"end":{"line":58,"column":5}},"loc":{"start":{"line":58,"column":18},"end":{"line":58,"column":55}}}},"branchMap":{"0":{"loc":{"start":{"line":12,"column":2},"end":{"line":12,"column":21}},"type":"if","locations":[{"start":{"line":12,"column":2},"end":{"line":12,"column":21}},{"start":{},"end":{}}]},"1":{"loc":{"start":{"line":15,"column":34},"end":{"line":15,"column":76}},"type":"binary-expr","locations":[{"start":{"line":15,"column":34},"end":{"line":15,"column":68}},{"start":{"line":15,"column":72},"end":{"line":15,"column":76}}]},"2":{"loc":{"start":{"line":19,"column":4},"end":{"line":27,"column":5}},"type":"if","locations":[{"start":{"line":19,"column":4},"end":{"line":27,"column":5}},{"start":{},"end":{}}]},"3":{"loc":{"start":{"line":43,"column":2},"end":{"line":43,"column":22}},"type":"default-arg","locations":[{"start":{"line":43,"column":21},"end":{"line":43,"column":22}}]},"4":{"loc":{"start":{"line":47,"column":2},"end":{"line":50,"column":3}},"type":"if","locations":[{"start":{"line":47,"column":2},"end":{"line":50,"column":3}},{"start":{},"end":{}}]},"5":{"loc":{"start":{"line":61,"column":2},"end":{"line":68,"column":3}},"type":"if","locations":[{"start":{"line":61,"column":2},"end":{"line":68,"column":3}},{"start":{"line":63,"column":9},"end":{"line":68,"column":3}}]}},"s":{"0":5,"1":5,"2":5,"3":5,"4":5,"5":0,"6":0,"7":0,"8":0,"9":0,"10":0,"11":0,"12":0,"13":0,"14":0,"15":0,"16":0,"17":0,"18":0,"19":0,"20":0,"21":5,"22":5,"23":0,"24":0,"25":0,"26":0,"27":0,"28":0,"29":0,"30":0,"31":0,"32":0,"33":0,"34":0,"35":0,"36":0,"37":5},"f":{"0":0,"1":0,"2":0,"3":0,"4":0},"b":{"0":[0,0],"1":[0,0],"2":[0,0],"3":[0],"4":[0,0],"5":[0,0]}}
,"C:\\Users\\sathi\\Luxe-App\\src\\utils\\images.ts": {"path":"C:\\Users\\sathi\\Luxe-App\\src\\utils\\images.ts","statementMap":{"0":{"start":{"line":1,"column":0},"end":{"line":1,"column":7}},"1":{"start":{"line":8,"column":4},"end":{"line":1,"column":55}},"2":{"start":{"line":2,"column":0},"end":{"line":2,"column":7}},"3":{"start":{"line":9,"column":4},"end":{"line":2,"column":57}},"4":{"start":{"line":3,"column":0},"end":{"line":3,"column":7}},"5":{"start":{"line":10,"column":4},"end":{"line":3,"column":53}},"6":{"start":{"line":4,"column":0},"end":{"line":4,"column":7}},"7":{"start":{"line":11,"column":4},"end":{"line":4,"column":57}},"8":{"start":{"line":5,"column":0},"end":{"line":5,"column":7}},"9":{"start":{"line":12,"column":4},"end":{"line":5,"column":60}}},"fnMap":{},"branchMap":{},"s":{"0":4,"1":4,"2":4,"3":4,"4":4,"5":4,"6":4,"7":4,"8":4,"9":4},"f":{},"b":{}}
}
