TN:
SF:src\components\formInput\FormInput.tsx
FN:10,FormInput
FN:18,(anonymous_1)
FN:22,(anonymous_2)
FNF:3
FNH:1
FNDA:2121,FormInput
FNDA:0,(anonymous_1)
FNDA:0,(anonymous_2)
DA:1,4
DA:2,4
DA:11,2121
DA:19,0
DA:22,0
DA:39,4
LF:6
LH:4
BRDA:10,0,0,364
BRDA:14,1,0,790
BRDA:14,1,1,1331
BRDA:16,2,0,0
BRDA:16,2,1,1331
BRF:5
BRH:4
end_of_record
TN:
SF:src\components\navbar\Navbar.tsx
FN:19,(anonymous_1)
FN:24,Navbar
FN:28,(anonymous_3)
FN:29,(anonymous_4)
FN:30,(anonymous_5)
FN:32,(anonymous_6)
FN:33,(anonymous_7)
FN:36,(anonymous_8)
FNF:8
FNH:8
FNDA:48,(anonymous_1)
FNDA:6,Navbar
FNDA:10,(anonymous_3)
FNDA:1,(anonymous_4)
FNDA:1,(anonymous_5)
FNDA:1,(anonymous_6)
FNDA:1,(anonymous_7)
FNDA:5,(anonymous_8)
DA:1,1
DA:2,1
DA:3,1
DA:4,1
DA:5,1
DA:6,1
DA:7,1
DA:8,1
DA:9,1
DA:15,1
DA:17,1
DA:19,1
DA:20,48
DA:25,6
DA:26,6
DA:28,10
DA:29,6
DA:30,1
DA:32,6
DA:33,1
DA:36,6
DA:37,5
DA:40,6
DA:169,1
LF:24
LH:24
BRDA:20,0,0,12
BRDA:20,0,1,36
BRDA:37,1,0,1
BRDA:37,1,1,4
BRDA:77,2,0,1
BRDA:77,2,1,5
BRDA:95,3,0,6
BRDA:95,3,1,0
BRDA:106,4,0,1
BRDA:106,4,1,5
BRDA:115,5,0,1
BRDA:115,5,1,5
BRDA:121,6,0,1
BRDA:121,6,1,5
BRDA:156,7,0,6
BRDA:156,7,1,0
BRF:16
BRH:14
end_of_record
TN:
SF:src\components\navbar\NavbarStyle.ts
FNF:0
FNH:0
DA:2,1
DA:4,1
DA:6,1
DA:8,1
DA:10,1
LF:5
LH:5
BRF:0
BRH:0
end_of_record
TN:
SF:src\components\search\SearchInput.tsx
FN:10,SearchBar
FN:14,(anonymous_1)
FN:26,(anonymous_2)
FNF:3
FNH:1
FNDA:6,SearchBar
FNDA:0,(anonymous_1)
FNDA:0,(anonymous_2)
DA:2,1
DA:3,1
DA:4,1
DA:11,6
DA:12,6
DA:14,6
DA:15,0
DA:16,0
DA:17,0
DA:21,6
DA:26,0
DA:33,1
LF:12
LH:8
BRDA:15,0,0,0
BRDA:15,0,1,0
BRDA:15,1,0,0
BRDA:15,1,1,0
BRDA:23,2,0,1
BRDA:23,2,1,5
BRF:6
BRH:2
end_of_record
TN:
SF:src\redux\cartSlice.ts
FN:27,(anonymous_0)
FN:43,(anonymous_1)
FN:45,(anonymous_2)
FN:50,(anonymous_3)
FN:58,(anonymous_4)
FN:66,(anonymous_5)
FN:71,(anonymous_6)
FN:76,(anonymous_7)
FN:92,(anonymous_8)
FN:94,(anonymous_9)
FN:100,(anonymous_10)
FN:102,(anonymous_11)
FN:112,(anonymous_12)
FN:114,(anonymous_13)
FN:122,(anonymous_14)
FN:130,(anonymous_15)
FNF:16
FNH:13
FNDA:8,(anonymous_0)
FNDA:4,(anonymous_1)
FNDA:2,(anonymous_2)
FNDA:2,(anonymous_3)
FNDA:4,(anonymous_4)
FNDA:0,(anonymous_5)
FNDA:0,(anonymous_6)
FNDA:0,(anonymous_7)
FNDA:1,(anonymous_8)
FNDA:1,(anonymous_9)
FNDA:1,(anonymous_10)
FNDA:1,(anonymous_11)
FNDA:2,(anonymous_12)
FNDA:2,(anonymous_13)
FNDA:1,(anonymous_14)
FNDA:1,(anonymous_15)
DA:1,8
DA:27,8
DA:28,8
DA:30,8
DA:31,0
DA:34,8
DA:41,8
DA:43,8
DA:44,4
DA:45,2
DA:50,4
DA:51,2
DA:54,2
DA:58,8
DA:59,4
DA:62,8
DA:67,0
DA:68,0
DA:69,0
DA:73,0
DA:75,0
DA:76,0
DA:79,0
DA:80,0
DA:82,0
DA:88,0
DA:89,0
DA:93,1
DA:94,1
DA:96,1
DA:97,1
DA:101,1
DA:102,1
DA:105,1
DA:106,1
DA:108,1
DA:109,1
DA:113,2
DA:114,2
DA:117,2
DA:118,2
DA:119,1
DA:121,1
DA:122,1
DA:127,2
DA:128,2
DA:131,1
DA:132,1
DA:137,8
DA:146,8
LF:50
LH:38
BRDA:30,0,0,0
BRDA:30,0,1,8
BRDA:51,1,0,0
BRDA:51,1,1,2
BRDA:67,2,0,0
BRDA:67,2,1,0
BRDA:73,3,0,0
BRDA:73,3,1,0
BRDA:79,4,0,0
BRDA:79,4,1,0
BRDA:105,5,0,1
BRDA:105,5,1,0
BRDA:117,6,0,2
BRDA:117,6,1,0
BRDA:118,7,0,1
BRDA:118,7,1,1
BRF:16
BRH:6
end_of_record
TN:
SF:src\redux\categorySlice.ts
FN:16,(anonymous_1)
FN:40,(anonymous_2)
FN:42,(anonymous_3)
FN:46,(anonymous_4)
FN:50,(anonymous_5)
FNF:5
FNH:1
FNDA:0,(anonymous_1)
FNDA:6,(anonymous_2)
FNDA:0,(anonymous_3)
FNDA:0,(anonymous_4)
FNDA:0,(anonymous_5)
DA:1,6
DA:2,6
DA:3,6
DA:14,6
DA:17,0
DA:18,0
DA:19,0
DA:22,0
DA:23,0
DA:25,0
DA:30,6
DA:36,6
DA:41,6
DA:43,0
DA:44,0
DA:47,0
DA:48,0
DA:51,0
DA:52,0
DA:57,6
LF:20
LH:8
BRDA:22,0,0,0
BRDA:22,0,1,0
BRF:2
BRH:0
end_of_record
TN:
SF:src\redux\productSlice.ts
FN:22,(anonymous_1)
FN:41,(anonymous_2)
FN:68,(anonymous_3)
FN:70,(anonymous_4)
FN:74,(anonymous_5)
FN:80,(anonymous_6)
FN:84,(anonymous_7)
FN:88,(anonymous_8)
FN:92,(anonymous_9)
FNF:9
FNH:1
FNDA:0,(anonymous_1)
FNDA:0,(anonymous_2)
FNDA:6,(anonymous_3)
FNDA:0,(anonymous_4)
FNDA:0,(anonymous_5)
FNDA:0,(anonymous_6)
FNDA:0,(anonymous_7)
FNDA:0,(anonymous_8)
FNDA:0,(anonymous_9)
DA:1,6
DA:2,6
DA:4,6
DA:20,6
DA:23,0
DA:24,0
DA:25,0
DA:31,0
DA:32,0
DA:34,0
DA:39,6
DA:42,0
DA:43,0
DA:46,0
DA:48,0
DA:49,0
DA:51,0
DA:56,6
DA:64,6
DA:69,6
DA:71,0
DA:72,0
DA:75,0
DA:76,0
DA:77,0
DA:78,0
DA:81,0
DA:82,0
DA:85,0
DA:86,0
DA:89,0
DA:90,0
DA:93,0
DA:94,0
DA:99,6
LF:35
LH:9
BRDA:22,0,0,0
BRDA:31,1,0,0
BRDA:31,1,1,0
BRDA:48,2,0,0
BRDA:48,2,1,0
BRF:5
BRH:0
end_of_record
TN:
SF:src\redux\store.ts
FNF:0
FNH:0
DA:1,8
DA:2,8
DA:3,8
DA:4,8
DA:6,8
LF:5
LH:5
BRF:0
BRH:0
end_of_record
TN:
SF:src\screens\About.tsx
FN:5,About
FNF:1
FNH:1
FNDA:3,About
DA:1,1
DA:2,1
DA:3,1
DA:6,3
DA:56,1
LF:5
LH:5
BRF:0
BRH:0
end_of_record
TN:
SF:src\screens\Address.tsx
FN:11,Address
FN:25,(anonymous_11)
FN:72,(anonymous_12)
FNF:3
FNH:2
FNDA:2,Address
FNDA:0,(anonymous_11)
FNDA:4,(anonymous_12)
DA:1,1
DA:2,1
DA:3,1
DA:4,1
DA:5,1
DA:6,1
DA:7,1
DA:8,1
DA:12,2
DA:13,2
DA:15,2
DA:25,2
DA:26,0
DA:27,0
DA:29,0
DA:30,0
DA:31,0
DA:32,0
DA:33,0
DA:34,0
DA:35,0
DA:36,0
DA:38,0
DA:40,0
DA:41,0
DA:44,0
DA:45,0
DA:47,0
DA:51,2
DA:73,4
DA:124,1
LF:31
LH:15
BRDA:40,0,0,0
BRDA:40,0,1,0
BRDA:44,1,0,0
BRDA:44,1,1,0
BRF:4
BRH:0
end_of_record
TN:
SF:src\screens\Cart.tsx
FN:27,Cart
FN:42,(anonymous_2)
FN:46,(anonymous_3)
FN:48,(anonymous_4)
FN:71,(anonymous_5)
FN:81,(anonymous_6)
FN:98,(anonymous_7)
FN:115,(anonymous_8)
FN:121,(anonymous_9)
FN:142,(anonymous_10)
FN:160,(anonymous_11)
FN:161,(anonymous_12)
FN:176,(anonymous_13)
FN:194,(anonymous_14)
FN:203,(anonymous_15)
FN:220,(anonymous_16)
FN:258,(anonymous_17)
FN:270,(anonymous_18)
FN:290,(anonymous_19)
FN:305,(anonymous_20)
FN:323,(anonymous_21)
FN:354,(anonymous_22)
FN:355,(anonymous_23)
FN:362,(anonymous_24)
FN:388,(anonymous_25)
FNF:25
FNH:11
FNDA:13,Cart
FNDA:0,(anonymous_2)
FNDA:26,(anonymous_3)
FNDA:0,(anonymous_4)
FNDA:1,(anonymous_5)
FNDA:0,(anonymous_6)
FNDA:2,(anonymous_7)
FNDA:0,(anonymous_8)
FNDA:0,(anonymous_9)
FNDA:1,(anonymous_10)
FNDA:0,(anonymous_11)
FNDA:0,(anonymous_12)
FNDA:1,(anonymous_13)
FNDA:0,(anonymous_14)
FNDA:0,(anonymous_15)
FNDA:8,(anonymous_16)
FNDA:9,(anonymous_17)
FNDA:0,(anonymous_18)
FNDA:2,(anonymous_19)
FNDA:1,(anonymous_20)
FNDA:1,(anonymous_21)
FNDA:0,(anonymous_22)
FNDA:0,(anonymous_23)
FNDA:0,(anonymous_24)
FNDA:0,(anonymous_25)
DA:1,1
DA:3,1
DA:4,1
DA:5,1
DA:6,1
DA:7,1
DA:8,1
DA:15,1
DA:16,1
DA:22,1
DA:23,1
DA:25,1
DA:28,13
DA:29,13
DA:31,13
DA:32,13
DA:33,13
DA:34,13
DA:35,13
DA:36,13
DA:40,13
DA:41,13
DA:42,0
DA:46,26
DA:48,13
DA:49,0
DA:50,0
DA:51,0
DA:52,0
DA:55,0
DA:56,0
DA:57,0
DA:58,0
DA:59,0
DA:60,0
DA:61,0
DA:62,0
DA:64,0
DA:65,0
DA:66,0
DA:71,13
DA:72,1
DA:74,1
DA:75,1
DA:76,1
DA:79,0
DA:80,0
DA:81,0
DA:89,0
DA:91,0
DA:92,0
DA:94,0
DA:98,13
DA:99,2
DA:101,2
DA:102,2
DA:103,2
DA:106,0
DA:107,0
DA:108,0
DA:109,0
DA:111,0
DA:113,0
DA:115,0
DA:120,0
DA:121,0
DA:124,0
DA:125,0
DA:126,0
DA:128,0
DA:132,0
DA:134,0
DA:136,0
DA:138,0
DA:142,13
DA:143,1
DA:145,1
DA:146,1
DA:147,1
DA:150,0
DA:151,0
DA:152,0
DA:153,0
DA:155,0
DA:157,0
DA:159,0
DA:160,0
DA:161,0
DA:166,0
DA:168,0
DA:170,0
DA:172,0
DA:176,13
DA:177,1
DA:179,1
DA:180,1
DA:181,1
DA:184,0
DA:185,0
DA:186,0
DA:188,0
DA:190,0
DA:194,13
DA:195,0
DA:196,0
DA:197,0
DA:199,0
DA:203,13
DA:204,0
DA:205,0
DA:206,0
DA:207,0
DA:209,0
DA:210,0
DA:212,0
DA:213,0
DA:216,0
DA:220,13
DA:221,8
DA:222,8
DA:223,0
DA:227,13
DA:259,9
DA:262,9
DA:271,0
DA:290,2
DA:305,1
DA:323,1
DA:354,0
DA:356,0
DA:362,0
DA:388,0
DA:456,1
LF:133
LH:56
BRDA:40,0,0,13
BRDA:40,0,1,0
BRDA:50,1,0,0
BRDA:50,1,1,0
BRDA:55,2,0,0
BRDA:55,2,1,0
BRDA:65,3,0,0
BRDA:65,3,1,0
BRDA:74,4,0,1
BRDA:74,4,1,0
BRDA:84,5,0,0
BRDA:84,5,1,0
BRDA:101,6,0,2
BRDA:101,6,1,0
BRDA:108,7,0,0
BRDA:108,7,1,0
BRDA:108,8,0,0
BRDA:108,8,1,0
BRDA:124,9,0,0
BRDA:124,9,1,0
BRDA:125,10,0,0
BRDA:125,10,1,0
BRDA:145,11,0,1
BRDA:145,11,1,0
BRDA:152,12,0,0
BRDA:152,12,1,0
BRDA:179,13,0,1
BRDA:179,13,1,0
BRDA:196,14,0,0
BRDA:196,14,1,0
BRDA:209,15,0,0
BRDA:209,15,1,0
BRDA:212,16,0,0
BRDA:212,16,1,0
BRDA:222,17,0,0
BRDA:222,17,1,8
BRDA:238,18,0,4
BRDA:238,18,1,9
BRDA:296,19,0,0
BRDA:296,19,1,9
BRDA:345,20,0,9
BRDA:345,20,1,0
BRDA:350,21,0,0
BRDA:350,21,1,9
BRDA:350,22,0,9
BRDA:350,22,1,9
BRDA:352,23,0,0
BRDA:352,23,1,0
BRDA:359,24,0,0
BRDA:359,24,1,0
BRDA:377,25,0,0
BRDA:377,25,1,0
BRDA:391,26,0,0
BRDA:391,26,1,0
BRDA:438,27,0,0
BRDA:438,27,1,9
BRF:56
BRH:14
end_of_record
TN:
SF:src\screens\Contact.tsx
FN:7,Contact
FNF:1
FNH:1
FNDA:1,Contact
DA:1,1
DA:2,1
DA:3,1
DA:4,1
DA:5,1
DA:8,1
DA:98,1
LF:7
LH:7
BRF:0
BRH:0
end_of_record
TN:
SF:src\screens\OrderDetails.tsx
FN:7,OrderDetails
FN:13,(anonymous_1)
FN:27,(anonymous_2)
FN:31,(anonymous_3)
FN:47,(anonymous_4)
FNF:5
FNH:5
FNDA:3,OrderDetails
FNDA:1,(anonymous_1)
FNDA:1,(anonymous_2)
FNDA:1,(anonymous_3)
FNDA:1,(anonymous_4)
DA:1,1
DA:2,1
DA:4,1
DA:5,1
DA:8,3
DA:10,3
DA:11,3
DA:13,3
DA:14,1
DA:15,1
DA:17,1
DA:18,1
DA:20,0
DA:21,0
DA:23,1
DA:27,3
DA:28,1
DA:31,3
DA:33,3
DA:48,1
DA:105,1
LF:21
LH:19
BRDA:20,0,0,0
BRDA:20,0,1,0
BRDA:37,1,0,3
BRDA:37,1,1,1
BRF:4
BRH:2
end_of_record
TN:
SF:src\screens\Orders.tsx
FN:9,Orders
FN:13,(anonymous_2)
FN:30,(anonymous_3)
FN:48,(anonymous_4)
FNF:4
FNH:2
FNDA:1,Orders
FNDA:0,(anonymous_2)
FNDA:1,(anonymous_3)
FNDA:0,(anonymous_4)
DA:1,1
DA:2,1
DA:3,1
DA:4,1
DA:5,1
DA:6,1
DA:10,1
DA:11,1
DA:13,1
DA:14,0
DA:15,0
DA:16,0
DA:17,0
DA:19,0
DA:20,0
DA:22,0
DA:23,0
DA:26,0
DA:30,1
DA:31,1
DA:32,1
DA:33,0
DA:37,1
DA:49,0
DA:98,1
LF:25
LH:14
BRDA:19,0,0,0
BRDA:19,0,1,0
BRDA:22,1,0,0
BRDA:22,1,1,0
BRDA:32,2,0,0
BRDA:32,2,1,1
BRDA:41,3,0,1
BRDA:41,3,1,0
BRDA:47,4,0,0
BRDA:47,4,1,1
BRDA:47,5,0,1
BRDA:47,5,1,0
BRF:12
BRH:4
end_of_record
TN:
SF:src\screens\SearchResults.tsx
FN:23,SearchResults
FN:32,(anonymous_2)
FN:34,(anonymous_3)
FN:43,(anonymous_4)
FN:58,(anonymous_5)
FN:64,(anonymous_6)
FN:100,(anonymous_7)
FNF:7
FNH:6
FNDA:3,SearchResults
FNDA:4,(anonymous_2)
FNDA:1,(anonymous_3)
FNDA:1,(anonymous_4)
FNDA:1,(anonymous_5)
FNDA:0,(anonymous_6)
FNDA:1,(anonymous_7)
DA:1,1
DA:3,1
DA:4,1
DA:6,1
DA:7,1
DA:8,1
DA:9,1
DA:10,1
DA:11,1
DA:12,1
DA:14,1
DA:24,3
DA:25,3
DA:26,3
DA:27,3
DA:28,3
DA:29,3
DA:30,3
DA:32,4
DA:34,3
DA:35,1
DA:36,1
DA:37,1
DA:38,1
DA:39,1
DA:41,1
DA:42,1
DA:44,1
DA:48,1
DA:50,0
DA:51,0
DA:52,0
DA:54,1
DA:58,3
DA:59,1
DA:60,1
DA:64,3
DA:65,0
DA:66,0
DA:67,0
DA:69,0
DA:73,3
DA:74,3
DA:76,3
DA:101,1
DA:114,1
LF:46
LH:39
BRDA:39,0,0,0
BRDA:39,0,1,1
BRDA:50,1,0,0
BRDA:50,1,1,0
BRDA:59,2,0,1
BRDA:59,2,1,0
BRDA:78,3,0,3
BRDA:78,3,1,1
BRDA:84,4,0,3
BRDA:84,4,1,2
BRDA:84,4,2,0
BRDA:92,5,0,3
BRDA:92,5,1,2
BRDA:92,5,2,2
BRDA:92,5,3,1
BRF:15
BRH:10
end_of_record
TN:
SF:src\screens\Shop.tsx
FN:26,Shop
FN:32,(anonymous_2)
FN:38,(anonymous_3)
FN:41,(anonymous_4)
FN:43,(anonymous_5)
FN:52,(anonymous_6)
FN:79,(anonymous_7)
FN:92,(anonymous_8)
FN:98,(anonymous_9)
FN:105,(anonymous_10)
FN:129,(anonymous_11)
FN:147,(anonymous_12)
FNF:12
FNH:11
FNDA:9,Shop
FNDA:9,(anonymous_2)
FNDA:9,(anonymous_3)
FNDA:9,(anonymous_4)
FNDA:9,(anonymous_5)
FNDA:0,(anonymous_6)
FNDA:6,(anonymous_7)
FNDA:1,(anonymous_8)
FNDA:8,(anonymous_9)
FNDA:1,(anonymous_10)
FNDA:9,(anonymous_11)
FNDA:1,(anonymous_12)
DA:1,1
DA:2,1
DA:3,1
DA:4,1
DA:5,1
DA:6,1
DA:7,1
DA:8,1
DA:9,1
DA:12,1
DA:13,1
DA:14,1
DA:16,1
DA:27,9
DA:28,9
DA:29,9
DA:31,9
DA:32,9
DA:35,9
DA:37,9
DA:38,9
DA:41,9
DA:43,9
DA:44,9
DA:45,9
DA:46,3
DA:48,6
DA:52,9
DA:53,0
DA:54,0
DA:55,0
DA:57,0
DA:61,9
DA:80,6
DA:92,1
DA:99,8
DA:105,1
DA:130,9
DA:148,1
DA:149,1
DA:160,1
LF:41
LH:37
BRDA:45,0,0,3
BRDA:45,0,1,6
BRDA:77,1,0,1
BRDA:77,1,1,8
BRDA:91,2,0,5
BRDA:91,2,1,3
BRDA:101,3,0,3
BRDA:101,3,1,5
BRDA:115,4,0,9
BRDA:115,4,1,1
BRDA:121,5,0,9
BRDA:121,5,1,9
BRDA:141,6,0,9
BRDA:141,6,1,6
BRF:14
BRH:14
end_of_record
TN:
SF:src\screens\auth\ForgotPassword.tsx
FN:28,ForgotPassword
FN:40,(anonymous_11)
FN:42,(anonymous_12)
FN:43,(anonymous_13)
FN:45,(anonymous_14)
FN:74,(anonymous_15)
FN:96,(anonymous_16)
FN:116,(anonymous_17)
FN:136,(anonymous_18)
FN:172,(anonymous_19)
FN:196,(anonymous_20)
FN:237,(anonymous_21)
FN:268,(anonymous_22)
FNF:13
FNH:9
FNDA:30,ForgotPassword
FNDA:26,(anonymous_11)
FNDA:0,(anonymous_12)
FNDA:0,(anonymous_13)
FNDA:9,(anonymous_14)
FNDA:10,(anonymous_15)
FNDA:0,(anonymous_16)
FNDA:6,(anonymous_17)
FNDA:2,(anonymous_18)
FNDA:565,(anonymous_19)
FNDA:90,(anonymous_20)
FNDA:69,(anonymous_21)
FNDA:0,(anonymous_22)
DA:1,1
DA:2,1
DA:3,1
DA:4,1
DA:5,1
DA:6,1
DA:7,1
DA:13,1
DA:29,30
DA:30,30
DA:31,30
DA:32,30
DA:34,30
DA:35,30
DA:37,30
DA:38,30
DA:40,30
DA:41,26
DA:42,9
DA:43,0
DA:45,9
DA:48,17
DA:49,0
DA:53,30
DA:59,30
DA:65,30
DA:74,30
DA:75,10
DA:76,10
DA:78,10
DA:79,10
DA:80,10
DA:81,9
DA:82,9
DA:84,9
DA:85,9
DA:87,9
DA:89,1
DA:90,1
DA:92,10
DA:96,30
DA:97,0
DA:98,0
DA:100,0
DA:101,0
DA:102,0
DA:103,0
DA:104,0
DA:105,0
DA:107,0
DA:109,0
DA:110,0
DA:112,0
DA:116,30
DA:117,6
DA:118,6
DA:120,6
DA:121,6
DA:122,6
DA:124,6
DA:126,5
DA:127,5
DA:129,1
DA:130,1
DA:132,6
DA:136,30
DA:137,2
DA:138,2
DA:140,2
DA:142,2
DA:143,2
DA:145,2
DA:146,1
DA:147,1
DA:149,1
DA:150,1
DA:152,2
DA:156,30
DA:173,565
DA:197,90
DA:238,69
DA:268,0
DA:279,1
LF:83
LH:68
BRDA:41,0,0,9
BRDA:41,0,1,17
BRDA:41,1,0,26
BRDA:41,1,1,9
BRDA:48,2,0,0
BRDA:48,2,1,17
BRDA:89,3,0,1
BRDA:89,3,1,1
BRDA:109,4,0,0
BRDA:109,4,1,0
BRDA:129,5,0,1
BRDA:129,5,1,1
BRDA:149,6,0,1
BRDA:149,6,1,1
BRDA:166,7,0,30
BRDA:166,7,1,13
BRDA:190,8,0,30
BRDA:190,8,1,10
BRDA:231,9,0,30
BRDA:231,9,1,7
BRF:20
BRH:17
end_of_record
TN:
SF:src\screens\auth\Login.tsx
FN:27,Login
FN:28,(anonymous_11)
FN:55,(anonymous_12)
FN:57,(anonymous_13)
FN:58,(anonymous_14)
FN:60,(anonymous_15)
FN:68,(anonymous_16)
FN:105,(anonymous_17)
FN:127,(anonymous_18)
FN:146,(anonymous_19)
FN:167,(anonymous_20)
FN:216,(anonymous_21)
FNF:12
FNH:5
FNDA:10,Login
FNDA:14,(anonymous_11)
FNDA:4,(anonymous_12)
FNDA:0,(anonymous_13)
FNDA:0,(anonymous_14)
FNDA:0,(anonymous_15)
FNDA:2,(anonymous_16)
FNDA:0,(anonymous_17)
FNDA:0,(anonymous_18)
FNDA:0,(anonymous_19)
FNDA:152,(anonymous_20)
FNDA:0,(anonymous_21)
DA:1,1
DA:2,1
DA:3,1
DA:4,1
DA:5,1
DA:6,1
DA:11,1
DA:12,1
DA:13,1
DA:14,1
DA:15,1
DA:28,14
DA:29,10
DA:30,10
DA:31,10
DA:32,10
DA:33,10
DA:34,10
DA:35,10
DA:37,10
DA:38,10
DA:40,10
DA:49,10
DA:55,10
DA:56,4
DA:57,0
DA:58,0
DA:60,0
DA:63,4
DA:64,4
DA:68,10
DA:69,2
DA:70,2
DA:72,2
DA:74,2
DA:75,2
DA:77,2
DA:79,1
DA:80,0
DA:81,0
DA:82,0
DA:83,0
DA:85,0
DA:86,0
DA:87,0
DA:88,0
DA:90,0
DA:91,0
DA:92,0
DA:93,0
DA:94,0
DA:95,0
DA:98,2
DA:99,2
DA:101,2
DA:105,10
DA:106,0
DA:107,0
DA:109,0
DA:110,0
DA:111,0
DA:112,0
DA:113,0
DA:114,0
DA:116,0
DA:117,0
DA:118,0
DA:120,0
DA:121,0
DA:123,0
DA:127,10
DA:128,0
DA:129,0
DA:131,0
DA:132,0
DA:133,0
DA:134,0
DA:135,0
DA:136,0
DA:137,0
DA:139,0
DA:140,0
DA:142,0
DA:146,10
DA:147,0
DA:150,10
DA:168,152
DA:217,0
DA:256,1
LF:89
LH:44
BRDA:56,0,0,0
BRDA:56,0,1,4
BRDA:56,1,0,4
BRDA:56,1,1,0
BRDA:63,2,0,4
BRDA:63,2,1,0
BRDA:79,3,0,0
BRDA:79,3,1,0
BRDA:82,4,0,0
BRDA:82,4,1,0
BRDA:85,5,0,0
BRDA:85,5,1,0
BRDA:87,6,0,0
BRDA:87,6,1,0
BRDA:91,7,0,0
BRDA:91,7,1,0
BRDA:98,8,0,2
BRDA:98,8,1,2
BRDA:120,9,0,0
BRDA:120,9,1,0
BRDA:139,10,0,0
BRDA:139,10,1,0
BRDA:161,11,0,10
BRDA:161,11,1,10
BRDA:210,12,0,10
BRDA:210,12,1,0
BRF:26
BRH:8
end_of_record
TN:
SF:src\screens\auth\Signup.tsx
FN:18,Signup
FN:35,(anonymous_11)
FN:77,(anonymous_12)
FNF:3
FNH:3
FNDA:7,Signup
FNDA:2,(anonymous_11)
FNDA:250,(anonymous_12)
DA:1,1
DA:2,1
DA:3,1
DA:4,1
DA:5,1
DA:6,1
DA:7,1
DA:8,1
DA:19,7
DA:20,7
DA:22,7
DA:35,7
DA:36,2
DA:37,2
DA:39,2
DA:41,2
DA:42,2
DA:43,2
DA:45,2
DA:47,1
DA:49,1
DA:51,1
DA:52,1
DA:54,2
DA:58,7
DA:78,250
DA:114,1
LF:27
LH:27
BRDA:51,0,0,1
BRDA:51,0,1,1
BRF:2
BRH:2
end_of_record
TN:
SF:src\screens\category\Categories.tsx
FN:28,Categories
FN:32,(anonymous_1)
FN:35,(anonymous_2)
FN:69,(anonymous_3)
FN:80,(anonymous_4)
FNF:5
FNH:4
FNDA:2,Categories
FNDA:2,(anonymous_1)
FNDA:2,(anonymous_2)
FNDA:2,(anonymous_3)
FNDA:0,(anonymous_4)
DA:1,1
DA:2,1
DA:3,1
DA:4,1
DA:5,1
DA:6,1
DA:7,1
DA:10,1
DA:19,1
DA:29,2
DA:30,2
DA:31,2
DA:32,2
DA:35,2
DA:36,2
DA:39,2
DA:70,2
DA:80,0
DA:94,1
LF:19
LH:18
BRDA:56,0,0,2
BRDA:56,0,1,0
BRF:2
BRH:1
end_of_record
TN:
SF:src\screens\category\categoriesStyle.ts
FNF:0
FNH:0
DA:1,1
DA:2,1
LF:2
LH:2
BRF:0
BRH:0
end_of_record
TN:
SF:src\screens\home\Home.tsx
FN:35,Home
FN:42,(anonymous_2)
FN:45,(anonymous_3)
FN:49,(anonymous_4)
FN:53,(anonymous_5)
FN:62,(anonymous_6)
FN:76,(anonymous_7)
FN:166,(anonymous_8)
FN:203,(anonymous_9)
FNF:9
FNH:8
FNDA:21,Home
FNDA:21,(anonymous_2)
FNDA:21,(anonymous_3)
FNDA:9,(anonymous_4)
FNDA:0,(anonymous_5)
FNDA:9,(anonymous_6)
FNDA:9,(anonymous_7)
FNDA:1,(anonymous_8)
FNDA:21,(anonymous_9)
DA:1,1
DA:2,1
DA:3,1
DA:4,1
DA:7,1
DA:8,1
DA:9,1
DA:10,1
DA:18,1
DA:20,1
DA:22,1
DA:23,1
DA:24,1
DA:26,1
DA:36,21
DA:37,21
DA:38,21
DA:39,21
DA:41,21
DA:42,21
DA:45,21
DA:47,21
DA:49,21
DA:50,9
DA:53,21
DA:54,0
DA:55,0
DA:56,0
DA:58,0
DA:62,21
DA:63,9
DA:64,9
DA:65,9
DA:67,3
DA:69,1
DA:70,1
DA:72,4
DA:76,21
DA:77,9
DA:80,21
DA:167,1
DA:204,21
DA:218,1
LF:43
LH:39
BRDA:69,0,0,1
BRDA:69,0,1,0
BRDA:152,1,0,21
BRDA:152,1,1,9
BRDA:158,2,0,21
BRDA:158,2,1,1
BRDA:189,3,0,21
BRDA:189,3,1,2
BRDA:195,4,0,21
BRDA:195,4,1,21
BRF:10
BRH:9
end_of_record
TN:
SF:src\screens\home\HomeStyle.ts
FNF:0
FNH:0
DA:1,3
DA:2,3
DA:3,3
DA:4,3
DA:5,3
DA:6,3
DA:7,3
LF:7
LH:7
BRF:0
BRH:0
end_of_record
TN:
SF:src\screens\productDetails\ProductDetails.tsx
FN:19,ProductDetails
FN:27,(anonymous_1)
FN:34,(anonymous_2)
FN:37,(anonymous_3)
FN:40,(anonymous_4)
FN:49,(anonymous_5)
FN:65,(anonymous_6)
FN:74,(anonymous_7)
FN:75,(anonymous_8)
FN:78,(anonymous_9)
FN:79,(anonymous_10)
FN:82,(anonymous_11)
FN:171,(anonymous_12)
FNF:13
FNH:5
FNDA:3,ProductDetails
FNDA:4,(anonymous_1)
FNDA:0,(anonymous_2)
FNDA:2,(anonymous_3)
FNDA:0,(anonymous_4)
FNDA:1,(anonymous_5)
FNDA:0,(anonymous_6)
FNDA:0,(anonymous_7)
FNDA:0,(anonymous_8)
FNDA:0,(anonymous_9)
FNDA:0,(anonymous_10)
FNDA:1,(anonymous_11)
FNDA:0,(anonymous_12)
DA:1,1
DA:2,1
DA:3,1
DA:4,1
DA:5,1
DA:6,1
DA:7,1
DA:8,1
DA:9,1
DA:10,1
DA:11,1
DA:12,1
DA:13,1
DA:15,1
DA:17,1
DA:20,3
DA:21,3
DA:22,3
DA:23,3
DA:24,3
DA:25,3
DA:27,4
DA:29,3
DA:33,3
DA:34,0
DA:37,3
DA:38,2
DA:39,1
DA:40,0
DA:43,1
DA:44,0
DA:49,3
DA:50,1
DA:51,1
DA:53,1
DA:55,1
DA:57,0
DA:58,0
DA:59,0
DA:61,1
DA:65,3
DA:66,0
DA:67,0
DA:68,0
DA:70,0
DA:74,3
DA:75,0
DA:78,3
DA:79,0
DA:82,3
DA:83,1
DA:84,1
DA:88,3
DA:171,0
DA:192,1
LF:55
LH:42
BRDA:29,0,0,1
BRDA:29,0,1,2
BRDA:38,1,0,1
BRDA:38,1,1,1
BRDA:43,2,0,0
BRDA:43,2,1,1
BRDA:58,3,0,0
BRDA:58,3,1,0
BRDA:83,4,0,1
BRDA:83,4,1,0
BRDA:102,5,0,3
BRDA:102,5,1,1
BRDA:119,6,0,1
BRDA:119,6,1,2
BRDA:175,7,0,0
BRDA:175,7,1,3
BRDA:180,8,0,0
BRDA:180,8,1,3
BRF:18
BRH:12
end_of_record
TN:
SF:src\screens\productDetails\productDetailsStyle.ts
FNF:0
FNH:0
DA:1,1
LF:1
LH:1
BRF:0
BRH:0
end_of_record
TN:
SF:src\services\authApi.ts
FN:12,(anonymous_1)
FN:15,(anonymous_2)
FN:19,(anonymous_3)
FN:23,(anonymous_4)
FN:26,(anonymous_5)
FN:29,(anonymous_6)
FN:32,(anonymous_7)
FN:36,(anonymous_8)
FN:40,(anonymous_9)
FN:44,(anonymous_10)
FN:49,(anonymous_11)
FN:55,(anonymous_12)
FN:60,(anonymous_13)
FN:65,(anonymous_14)
FN:69,(anonymous_15)
FN:74,(anonymous_16)
FN:79,(anonymous_17)
FN:87,(anonymous_18)
FN:92,(anonymous_19)
FN:96,(anonymous_20)
FN:104,(anonymous_21)
FN:112,(anonymous_22)
FN:120,(anonymous_23)
FN:128,(anonymous_24)
FN:136,(anonymous_25)
FNF:25
FNH:0
FNDA:0,(anonymous_1)
FNDA:0,(anonymous_2)
FNDA:0,(anonymous_3)
FNDA:0,(anonymous_4)
FNDA:0,(anonymous_5)
FNDA:0,(anonymous_6)
FNDA:0,(anonymous_7)
FNDA:0,(anonymous_8)
FNDA:0,(anonymous_9)
FNDA:0,(anonymous_10)
FNDA:0,(anonymous_11)
FNDA:0,(anonymous_12)
FNDA:0,(anonymous_13)
FNDA:0,(anonymous_14)
FNDA:0,(anonymous_15)
FNDA:0,(anonymous_16)
FNDA:0,(anonymous_17)
FNDA:0,(anonymous_18)
FNDA:0,(anonymous_19)
FNDA:0,(anonymous_20)
FNDA:0,(anonymous_21)
FNDA:0,(anonymous_22)
FNDA:0,(anonymous_23)
FNDA:0,(anonymous_24)
FNDA:0,(anonymous_25)
DA:1,4
DA:2,4
DA:12,4
DA:13,0
DA:15,4
DA:16,0
DA:19,4
DA:20,0
DA:23,4
DA:24,0
DA:26,4
DA:27,0
DA:29,4
DA:30,0
DA:32,4
DA:33,0
DA:36,4
DA:37,0
DA:40,4
DA:41,0
DA:44,4
DA:45,0
DA:46,0
DA:49,4
DA:52,0
DA:55,4
DA:56,0
DA:57,0
DA:60,4
DA:61,0
DA:62,0
DA:65,4
DA:66,0
DA:67,0
DA:69,4
DA:70,0
DA:71,0
DA:74,4
DA:75,0
DA:76,0
DA:79,4
DA:80,0
DA:81,0
DA:84,0
DA:87,4
DA:88,0
DA:89,0
DA:92,4
DA:93,0
DA:96,4
DA:97,0
DA:104,4
DA:105,0
DA:112,4
DA:113,0
DA:120,4
DA:121,0
DA:128,4
DA:129,0
DA:136,4
DA:137,0
LF:61
LH:27
BRDA:80,0,0,0
BRDA:80,0,1,0
BRF:2
BRH:0
end_of_record
TN:
SF:src\services\axiosInstance.ts
FN:12,(anonymous_1)
FN:20,(anonymous_2)
FN:24,(anonymous_3)
FN:25,(anonymous_4)
FNF:4
FNH:0
FNDA:0,(anonymous_1)
FNDA:0,(anonymous_2)
FNDA:0,(anonymous_3)
FNDA:0,(anonymous_4)
DA:1,10
DA:2,10
DA:4,10
DA:11,10
DA:13,0
DA:14,0
DA:15,0
DA:17,0
DA:20,0
DA:23,10
DA:24,0
DA:26,0
DA:27,0
DA:28,0
DA:29,0
DA:31,0
DA:32,0
DA:35,0
DA:36,0
DA:39,0
DA:43,10
LF:21
LH:6
BRDA:14,0,0,0
BRDA:14,0,1,0
BRDA:26,1,0,0
BRDA:26,1,1,0
BRDA:26,2,0,0
BRDA:26,2,1,0
BRDA:31,3,0,0
BRDA:31,3,1,0
BRDA:35,4,0,0
BRDA:35,4,1,0
BRF:10
BRH:0
end_of_record
TN:
SF:src\utils\authCookies.ts
FN:3,(anonymous_1)
FN:7,(anonymous_2)
FNF:2
FNH:0
FNDA:0,(anonymous_1)
FNDA:0,(anonymous_2)
DA:1,1
DA:3,1
DA:4,0
DA:7,1
DA:8,0
LF:5
LH:3
BRF:0
BRH:0
end_of_record
TN:
SF:src\utils\cardMapper.ts
FN:1,(anonymous_0)
FN:2,(anonymous_1)
FN:14,(anonymous_2)
FN:15,(anonymous_3)
FN:48,(anonymous_4)
FN:49,(anonymous_5)
FN:56,(anonymous_6)
FN:90,(anonymous_7)
FN:91,(anonymous_8)
FN:102,(anonymous_9)
FN:103,(anonymous_10)
FN:116,(anonymous_11)
FN:117,(anonymous_12)
FN:130,(anonymous_13)
FN:131,(anonymous_14)
FNF:15
FNH:0
FNDA:0,(anonymous_0)
FNDA:0,(anonymous_1)
FNDA:0,(anonymous_2)
FNDA:0,(anonymous_3)
FNDA:0,(anonymous_4)
FNDA:0,(anonymous_5)
FNDA:0,(anonymous_6)
FNDA:0,(anonymous_7)
FNDA:0,(anonymous_8)
FNDA:0,(anonymous_9)
FNDA:0,(anonymous_10)
FNDA:0,(anonymous_11)
FNDA:0,(anonymous_12)
FNDA:0,(anonymous_13)
FNDA:0,(anonymous_14)
DA:1,10
DA:2,0
DA:14,10
DA:15,0
DA:48,10
DA:49,0
DA:56,10
DA:57,0
DA:90,10
DA:91,0
DA:102,10
DA:103,0
DA:116,10
DA:117,0
DA:130,10
DA:131,0
LF:16
LH:8
BRF:0
BRH:0
end_of_record
TN:
SF:src\utils\cartHelper.ts
FN:7,(anonymous_1)
FN:20,(anonymous_2)
FN:39,(anonymous_3)
FN:52,(anonymous_4)
FN:58,(anonymous_5)
FNF:5
FNH:0
FNDA:0,(anonymous_1)
FNDA:0,(anonymous_2)
FNDA:0,(anonymous_3)
FNDA:0,(anonymous_4)
FNDA:0,(anonymous_5)
DA:1,5
DA:2,5
DA:3,5
DA:4,5
DA:7,5
DA:8,0
DA:10,0
DA:12,0
DA:14,0
DA:15,0
DA:17,0
DA:19,0
DA:20,0
DA:25,0
DA:26,0
DA:29,0
DA:30,0
DA:32,0
DA:35,0
DA:39,5
DA:45,0
DA:47,0
DA:48,0
DA:49,0
DA:52,0
DA:57,0
DA:58,0
DA:61,0
DA:62,0
DA:64,0
DA:70,0
DA:72,0
DA:74,0
LF:33
LH:6
BRDA:12,0,0,0
BRDA:12,0,1,0
BRDA:15,1,0,0
BRDA:15,1,1,0
BRDA:19,2,0,0
BRDA:19,2,1,0
BRDA:43,3,0,0
BRDA:47,4,0,0
BRDA:47,4,1,0
BRDA:61,5,0,0
BRDA:61,5,1,0
BRF:11
BRH:0
end_of_record
TN:
SF:src\utils\images.ts
FNF:0
FNH:0
DA:1,4
DA:2,4
DA:3,4
DA:4,4
DA:5,4
DA:8,4
DA:9,4
DA:10,4
DA:11,4
DA:12,4
LF:10
LH:10
BRF:0
BRH:0
end_of_record
